
================================================================
======== txAdmin v6.0.2 atop fxserver 6683 Starting - 1/16/2024, 4:09:23 PM
================================================================

================================================================
======== Log Rotated - 1/16/2024, 4:09:23 PM                    
================================================================

================================================================
======== txAdmin v6.0.2 atop fxserver 6683 Starting - 1/16/2024, 4:11:22 PM
================================================================
[16:11:55][Diego_Freire1] created admins file
[16:12:35][Diego_Freire1] Changing global/fxserver settings via setup stepper.
[16:15:21][Diego_Freire1] logged in via in-game ui

================================================================
======== txAdmin Starting - 1/16/2024, 4:33:41 PM               
================================================================

================================================================
======== txAdmin Starting - 1/16/2024, 4:33:46 PM               
================================================================

================================================================
======== txAdmin Starting - 1/16/2024, 4:40:39 PM               
================================================================

================================================================
======== txAdmin Starting - 1/16/2024, 4:52:51 PM               
================================================================

================================================================
======== txAdmin v6.0.2 atop fxserver 6683 Starting - 1/16/2024, 4:53:10 PM
================================================================
[16:55:12][Diego_Freire1] logged in from 186.205.34.43 via citizenfx
[16:55:46][Diego_Freire1] Changing fxRunner settings.
[16:56:20][Diego_Freire1] executed "RESTART SERVER"
[16:59:38][Diego_Freire1] logged in via in-game ui
[17:00:32][Diego_Freire1] logged in from via NUI iframe
[17:08:21][Diego_Freire1] executed "RESTART SERVER"
[17:10:31][Diego_Freire1] logged in via in-game ui
[17:11:49][Diego_Freire1] logged in via in-game ui
[17:20:44][Diego_Freire1] executed "RESTART SERVER"
[17:22:41][Diego_Freire1] logged in via in-game ui
[17:24:16][Diego_Freire1] executed "RESTART SERVER"
[17:26:14][Diego_Freire1] logged in via in-game ui
[17:32:34][Diego_Freire1] executed "refresh"
[17:32:41][Diego_Freire1] executed "RESTART SERVER"
[17:34:58][Diego_Freire1] logged in via in-game ui

================================================================
======== txAdmin Starting - 1/16/2024, 5:57:21 PM               
================================================================

================================================================
======== txAdmin Starting - 1/16/2024, 5:58:46 PM               
================================================================

================================================================
======== txAdmin Starting - 1/16/2024, 5:58:56 PM               
================================================================
