
================================================================
======== txAdmin Starting - 1/17/2024, 6:34:57 AM               
================================================================

================================================================
======== Log Rotated - 1/17/2024, 6:34:57 AM                    
================================================================
[6:35:43 AM] txAdmin: Logger started
[6:37:16 AM] txAdmin: Logger started
[6:37:55 AM] txAdmin: Logger started
[6:38:24 AM] [nPmat#1] BielTugas: joined with identifiers [steam:11000015a69d540; license:d01bacd0d0cf3b22efd3f5e74056ba611849a444; discord:742917501389766707; fivem:12904676; license2:d01bacd0d0cf3b22efd3f5e74056ba611849a444]
[6:41:13 AM] [nPmat#1] BielTugas: disconnected ([txAdmin] Server restarting (requested by Diego_Freire1).)
[6:41:32 AM] txAdmin: Logger started
[6:43:24 AM] [E9cDQ#1] BielTugas: joined with identifiers [steam:11000015a69d540; license:d01bacd0d0cf3b22efd3f5e74056ba611849a444; discord:742917501389766707; fivem:12904676; license2:d01bacd0d0cf3b22efd3f5e74056ba611849a444]
[6:45:22 AM] [E9cDQ#1] BielTugas: disconnected ([txAdmin] Server restarting (requested by Diego_Freire1).)
[6:45:40 AM] txAdmin: Logger started
[6:47:23 AM] [EMPEJ#1] BielTugas: joined with identifiers [steam:11000015a69d540; license:d01bacd0d0cf3b22efd3f5e74056ba611849a444; discord:742917501389766707; fivem:12904676; license2:d01bacd0d0cf3b22efd3f5e74056ba611849a444]
[6:50:45 AM] [EMPEJ#1] BielTugas: disconnected (Exiting)
[6:51:12 AM] txAdmin: Logger started
[6:53:54 AM] [U8dyR#1] dfreire707: joined with identifiers [steam:110000147a622b0; license:a705edebb78fd8b62dd1308631875ec570a35bbb; xbl:2535471908054910; live:1055519264109434; discord:906293818255622205; license2:24b59c876d0c0b498987655a31ee47ddc396a24d]
[6:58:41 AM] [U8dyR#1] dfreire707: disconnected ([txAdmin] Server restarting (requested by Diego_Freire1).)
[6:58:58 AM] txAdmin: Logger started
[6:59:49 AM] [zJPEJ#1] BielTugas: joined with identifiers [steam:11000015a69d540; license:d01bacd0d0cf3b22efd3f5e74056ba611849a444; discord:742917501389766707; fivem:12904676; license2:d01bacd0d0cf3b22efd3f5e74056ba611849a444]
[7:00:55 AM] [zJPEJ#2] dfreire707: joined with identifiers [steam:110000147a622b0; license:a705edebb78fd8b62dd1308631875ec570a35bbb; xbl:2535471908054910; live:1055519264109434; discord:906293818255622205; license2:24b59c876d0c0b498987655a31ee47ddc396a24d]
[7:03:17 AM] [zJPEJ#1] BielTugas: disconnected (Exiting)
[7:07:23 AM] [zJPEJ#3] BielTugas: joined with identifiers [steam:11000015a69d540; license:d01bacd0d0cf3b22efd3f5e74056ba611849a444; discord:742917501389766707; fivem:12904676; license2:d01bacd0d0cf3b22efd3f5e74056ba611849a444]
[7:13:50 AM] [zJPEJ#2] dfreire707: said "/adminmenu"
[7:20:10 AM] [zJPEJ#2] dfreire707: died from Knife by BielTugas
[7:28:49 AM] [zJPEJ#3] BielTugas: disconnected (Exiting)
[7:33:39 AM] [zJPEJ#2] dfreire707: disconnected ([txAdmin] Server restarting (requested by Diego_Freire1).)
[7:33:58 AM] txAdmin: Logger started
[7:34:36 AM] [YAFc9#1] BielTugas: joined with identifiers [steam:11000015a69d540; license:d01bacd0d0cf3b22efd3f5e74056ba611849a444; discord:742917501389766707; fivem:12904676; license2:d01bacd0d0cf3b22efd3f5e74056ba611849a444]
[7:36:10 AM] [YAFc9#2] kurt: joined with identifiers [steam:110000149bd913f; license:57cd199b3fe5b54f252ea285f03d777a8459be26; xbl:2535418348099493; live:1055519339320985; discord:873735949870325801; license2:57cd199b3fe5b54f252ea285f03d777a8459be26]
[7:37:51 AM] [YAFc9#3] dfreire707: joined with identifiers [steam:110000147a622b0; license:a705edebb78fd8b62dd1308631875ec570a35bbb; xbl:2535471908054910; live:1055519264109434; discord:906293818255622205; license2:24b59c876d0c0b498987655a31ee47ddc396a24d]
[7:38:15 AM] [YAFc9#1] BielTugas: said "/v"
[7:38:21 AM] [YAFc9#3] dfreire707: disconnected (Game crashed: GTA5_b2545.exe!sub_140913580 (0x4))
[7:38:21 AM] [YAFc9#1] BielTugas: disconnected (Exiting)
[7:40:14 AM] [YAFc9#2] kurt: disconnected ([txAdmin] Server restarting (requested by Diego_Freire1).)
[7:40:32 AM] txAdmin: Logger started
[7:41:01 AM] [aD9GA#1] BielTugas: joined with identifiers [steam:11000015a69d540; license:d01bacd0d0cf3b22efd3f5e74056ba611849a444; discord:742917501389766707; fivem:12904676; license2:d01bacd0d0cf3b22efd3f5e74056ba611849a444]
[7:45:21 AM] [aD9GA#1] BielTugas: disconnected ([txAdmin] Server restarting (requested by Diego_Freire1).)
[7:45:37 AM] txAdmin: Logger started
[7:46:04 AM] [qxUbt#1] BielTugas: joined with identifiers [steam:11000015a69d540; license:d01bacd0d0cf3b22efd3f5e74056ba611849a444; discord:742917501389766707; fivem:12904676; license2:d01bacd0d0cf3b22efd3f5e74056ba611849a444]
[7:46:25 AM] [qxUbt#2] kurt: joined with identifiers [steam:110000149bd913f; license:57cd199b3fe5b54f252ea285f03d777a8459be26; xbl:2535418348099493; live:1055519339320985; discord:873735949870325801; license2:57cd199b3fe5b54f252ea285f03d777a8459be26]
[7:47:05 AM] [qxUbt#2] kurt: disconnected (Game crashed: GTA5_b2545.exe!sub_140913580 (0x4))
[7:47:57 AM] [qxUbt#3] kurt: joined with identifiers [steam:110000149bd913f; license:57cd199b3fe5b54f252ea285f03d777a8459be26; xbl:2535418348099493; live:1055519339320985; discord:873735949870325801; license2:57cd199b3fe5b54f252ea285f03d777a8459be26]
[7:48:04 AM] [qxUbt#3] kurt: disconnected (Exiting)
[7:51:59 AM] [qxUbt#1] BielTugas: died from suicide (Falling)
[7:52:48 AM] [qxUbt#4] dfreire707: joined with identifiers [steam:110000147a622b0; license:a705edebb78fd8b62dd1308631875ec570a35bbb; xbl:2535471908054910; live:1055519264109434; discord:906293818255622205; license2:24b59c876d0c0b498987655a31ee47ddc396a24d]
[7:56:29 AM] [qxUbt#1] BielTugas: disconnected (Exiting)
[8:02:24 AM] [qxUbt#5] kurt: joined with identifiers [steam:110000149bd913f; license:57cd199b3fe5b54f252ea285f03d777a8459be26; xbl:2535418348099493; live:1055519339320985; discord:873735949870325801; license2:57cd199b3fe5b54f252ea285f03d777a8459be26]
[8:02:28 AM] [qxUbt#6] BielTugas: joined with identifiers [steam:11000015a69d540; license:d01bacd0d0cf3b22efd3f5e74056ba611849a444; discord:742917501389766707; fivem:12904676; license2:d01bacd0d0cf3b22efd3f5e74056ba611849a444]
[8:04:18 AM] [qxUbt#6] BielTugas: died from suicide (Falling)
[8:05:17 AM] [qxUbt#6] BielTugas: disconnected (Exiting)
[8:06:05 AM] [qxUbt#7] BielTugas: joined with identifiers [steam:11000015a69d540; license:d01bacd0d0cf3b22efd3f5e74056ba611849a444; discord:742917501389766707; fivem:12904676; license2:d01bacd0d0cf3b22efd3f5e74056ba611849a444]
[8:06:33 AM] [qxUbt#5] kurt: said "/c"
[8:06:54 AM] [qxUbt#7] BielTugas: disconnected (Game crashed: GTA5_b2545.exe!sub_140913580 (0x4))
[8:07:37 AM] [qxUbt#8] BielTugas: joined with identifiers [steam:11000015a69d540; license:d01bacd0d0cf3b22efd3f5e74056ba611849a444; discord:742917501389766707; fivem:12904676; license2:d01bacd0d0cf3b22efd3f5e74056ba611849a444]
[8:09:03 AM] [qxUbt#5] kurt: disconnected (Exiting)
[8:09:42 AM] [qxUbt#8] BielTugas: died from suicide (Falling)
[8:10:22 AM] [qxUbt#8] BielTugas: died from suicide (Falling)
[8:13:02 AM] [qxUbt#9] kurt: joined with identifiers [steam:110000149bd913f; license:57cd199b3fe5b54f252ea285f03d777a8459be26; xbl:2535418348099493; live:1055519339320985; discord:873735949870325801; license2:57cd199b3fe5b54f252ea285f03d777a8459be26]
[8:14:11 AM] [qxUbt#9] kurt: said "/c"
[8:14:14 AM] [qxUbt#9] kurt: said "/c"
[8:16:22 AM] [qxUbt#8] BielTugas: toggled freeze on player [#9] kurt
[8:16:26 AM] [qxUbt#8] BielTugas: triggered wild attack on [#9] kurt
[8:16:42 AM] [qxUbt#8] BielTugas: set [#9] kurt on fire
[8:16:56 AM] [qxUbt#8] BielTugas: triggered drunk effect on [#9] kurt
[8:17:04 AM] [qxUbt#9] kurt: said "/c"
[8:17:04 AM] [qxUbt#9] kurt: said "/c"
[8:17:04 AM] [qxUbt#9] kurt: said "/c"
[8:17:05 AM] [qxUbt#9] kurt: said "/c"
[8:17:05 AM] [qxUbt#9] kurt: said "/c"
[8:17:05 AM] [qxUbt#9] kurt: said "/c"
[8:17:09 AM] [qxUbt#8] BielTugas: toggled freeze on player [#9] kurt
[8:17:17 AM] [qxUbt#9] kurt: said "/c"
[8:17:18 AM] [qxUbt#9] kurt: said "/c"
[8:17:37 AM] [qxUbt#8] BielTugas: turned show player IDs on
[8:17:49 AM] [qxUbt#8] BielTugas: set [#9] kurt on fire
[8:17:50 AM] [qxUbt#8] BielTugas: triggered drunk effect on [#9] kurt
[8:17:55 AM] [qxUbt#8] BielTugas: enabled noclip
[8:18:02 AM] [qxUbt#8] BielTugas: became mortal (standard mode)
[8:18:06 AM] [qxUbt#8] BielTugas: enabled noclip
[8:18:12 AM] [qxUbt#8] BielTugas: became mortal (standard mode)
[8:18:14 AM] [qxUbt#8] BielTugas: enabled noclip
[8:18:25 AM] [qxUbt#8] BielTugas: became mortal (standard mode)
[8:18:32 AM] [qxUbt#9] kurt: disconnected (Exiting)
[8:18:37 AM] [qxUbt#8] BielTugas: teleported to player [#4] dfreire707 (x=-1353.560, y=-714.989, z=62.710)
[8:18:39 AM] [qxUbt#8] BielTugas: died from suicide
[8:18:48 AM] [qxUbt#8] BielTugas: teleported to player [#4] dfreire707 (x=-1353.560, y=-714.989, z=62.710)
[8:18:51 AM] [qxUbt#8] BielTugas: died from suicide
[8:19:09 AM] [qxUbt#8] BielTugas: healed themself
[8:19:15 AM] [qxUbt#10] kurt: joined with identifiers [steam:110000149bd913f; license:57cd199b3fe5b54f252ea285f03d777a8459be26; xbl:2535418348099493; live:1055519339320985; discord:873735949870325801; license2:57cd199b3fe5b54f252ea285f03d777a8459be26]
[8:20:32 AM] [qxUbt#10] kurt: said "/c"
[8:20:32 AM] [qxUbt#10] kurt: said "/c"
[8:20:32 AM] [qxUbt#10] kurt: said "/c"
[8:20:32 AM] [qxUbt#10] kurt: said "/c"
[8:20:33 AM] [qxUbt#10] kurt: said "/c"
[8:20:34 AM] [qxUbt#10] kurt: said "/c"
[8:20:51 AM] [qxUbt#10] kurt: said "/c"
[8:20:59 AM] [qxUbt#10] kurt: said "/c"
[8:21:08 AM] [qxUbt#10] kurt: died from suicide (Falling)
[8:21:32 AM] [qxUbt#10] kurt: said "/c"
[8:21:33 AM] [qxUbt#10] kurt: said "/c"
[8:21:52 AM] [qxUbt#10] kurt: said "/c"
[8:21:55 AM] [qxUbt#10] kurt: said "/c"
[8:22:08 AM] [qxUbt#10] kurt: said "/c"
[8:22:30 AM] [qxUbt#10] kurt: said "/c"
[8:22:32 AM] [qxUbt#10] kurt: said "/c"
[8:22:36 AM] [qxUbt#10] kurt: said "/c"
[8:23:01 AM] [qxUbt#10] kurt: said "/c"
[8:23:02 AM] [qxUbt#10] kurt: said "/c"
[8:23:27 AM] [qxUbt#10] kurt: said "/c"
[8:23:29 AM] [qxUbt#10] kurt: said "/c"
[8:23:40 AM] [qxUbt#10] kurt: said "/c"
[8:23:41 AM] [qxUbt#10] kurt: said "/c"
[8:23:46 AM] [qxUbt#10] kurt: said "/c"
[8:24:19 AM] [qxUbt#10] kurt: said "/c"
[8:25:44 AM] [qxUbt#10] kurt: said "/aeroef"
[8:26:54 AM] [qxUbt#10] kurt: said "/audirs62"
[8:27:06 AM] [qxUbt#10] kurt: said "/gsxr"
[8:27:25 AM] [qxUbt#10] kurt: said "/GODzFDVIPER"
[8:27:43 AM] [qxUbt#10] kurt: said "/fxxkevo"
[8:28:38 AM] [qxUbt#10] kurt: died from suicide (Ranover by Vehicle)
[8:30:08 AM] [qxUbt#10] kurt: said "/c"
[8:30:31 AM] [qxUbt#10] kurt: said "/wgod"
[8:30:51 AM] [qxUbt#10] kurt: said "/c"
[8:31:29 AM] [qxUbt#10] kurt: said "/dtdmansq60"
[8:31:44 AM] [qxUbt#10] kurt: said "/gtr50"
[8:31:58 AM] [qxUbt#10] kurt: said "/c"
[8:32:14 AM] [qxUbt#10] kurt: said "/c"
[8:32:16 AM] [qxUbt#10] kurt: said "/c"
[8:32:27 AM] [qxUbt#10] kurt: said "/c"
[8:32:43 AM] [qxUbt#10] kurt: said "/c"
[8:33:34 AM] [qxUbt#10] kurt: said "/c"
[8:33:48 AM] [qxUbt#10] kurt: said "/c"
[8:34:53 AM] [qxUbt#10] kurt: said "/c"
[8:35:45 AM] [qxUbt#10] kurt: said "/c"
[8:36:01 AM] [qxUbt#10] kurt: said "/c"
[8:36:04 AM] [qxUbt#8] BielTugas: died from suicide (Falling)
[8:36:24 AM] [qxUbt#10] kurt: said "/c"
[8:36:43 AM] [qxUbt#10] kurt: said "/c"
[8:36:46 AM] [qxUbt#10] kurt: said "/c"
[8:37:12 AM] [qxUbt#10] kurt: said "/c"
[8:37:20 AM] [qxUbt#10] kurt: said "/c"
[8:38:19 AM] [qxUbt#10] kurt: said "/c"
[8:38:26 AM] [qxUbt#10] kurt: said "/c"
[8:38:27 AM] [qxUbt#10] kurt: said "/c"
[8:38:43 AM] [qxUbt#10] kurt: said "/c"
[8:38:48 AM] [qxUbt#10] kurt: said "/c"
[8:39:20 AM] [qxUbt#10] kurt: said "/c"
[8:39:26 AM] [qxUbt#10] kurt: said "/c"
[8:39:57 AM] [qxUbt#10] kurt: said "/c"
[8:39:58 AM] [qxUbt#10] kurt: said "/c"
[8:40:01 AM] [qxUbt#10] kurt: said "/c"
[8:40:23 AM] [qxUbt#10] kurt: said "/c"
[8:40:27 AM] [qxUbt#10] kurt: said "/c"
[8:40:28 AM] [qxUbt#10] kurt: said "/c"
[8:40:30 AM] [qxUbt#10] kurt: said "/c"
[8:40:32 AM] [qxUbt#10] kurt: said "/c"
[8:40:38 AM] [qxUbt#10] kurt: said "/c"
[8:40:40 AM] [qxUbt#10] kurt: died from suicide (Falling)
[8:41:33 AM] [qxUbt#10] kurt: said "/c"
[8:41:51 AM] [qxUbt#10] kurt: said "/c"
[8:42:33 AM] [qxUbt#4] dfreire707: said "/weapon_petrolcan"
[8:42:36 AM] [qxUbt#4] dfreire707: said "/weapon_petrolcan 1"
[8:42:44 AM] [qxUbt#10] kurt: said "/c"
[8:43:58 AM] [qxUbt#10] kurt: said "/c"
[8:44:46 AM] [qxUbt#10] kurt: said "/c"
[8:44:49 AM] [qxUbt#10] kurt: said "/c"
[8:46:05 AM] [qxUbt#10] kurt: said "/c"
[8:47:19 AM] [qxUbt#10] kurt: caused an explosion (PLANE)
[8:47:19 AM] [qxUbt#10] kurt: died from suicide (Explosion)
[8:48:15 AM] [qxUbt#10] kurt: said "/tpway"
[8:51:12 AM] [qxUbt#8] BielTugas: said "ยง/nc"
[8:55:52 AM] [qxUbt#10] kurt: said "/c"
[8:56:19 AM] [qxUbt#10] kurt: said "/c"
[8:56:25 AM] [qxUbt#10] kurt: said "/c"
[8:56:26 AM] [qxUbt#10] kurt: said "/c"
[8:56:30 AM] [qxUbt#10] kurt: said "/c"
[8:56:32 AM] [qxUbt#10] kurt: said "/c"
[8:57:10 AM] [qxUbt#10] kurt: said "/c"
[8:57:24 AM] [qxUbt#10] kurt: said "/c"
[8:57:36 AM] [qxUbt#10] kurt: said "/c"
[8:57:47 AM] [qxUbt#10] kurt: said "/c"
[8:58:01 AM] [qxUbt#10] kurt: said "/c"
[8:58:03 AM] [qxUbt#10] kurt: said "/c"
[8:58:08 AM] [qxUbt#10] kurt: said "/fox"
[8:58:10 AM] [qxUbt#10] kurt: said "/fox"
[9:00:23 AM] [qxUbt#10] kurt: said "/c"
[9:00:46 AM] [qxUbt#10] kurt: said "/tp1"
[9:00:54 AM] [qxUbt#8] BielTugas: said "/c"
[9:03:46 AM] [qxUbt#10] kurt: said "/c"
[9:05:19 AM] [qxUbt#10] kurt: said "/c"
[9:05:42 AM] [qxUbt#10] kurt: said "/c"
[9:05:44 AM] [qxUbt#10] kurt: said "/c"
[9:11:15 AM] [qxUbt#8] BielTugas: disconnected (Exiting)
[9:13:56 AM] [qxUbt#10] kurt: said "/wnc"
[9:17:00 AM] [qxUbt#10] kurt: said "/c"
[9:17:10 AM] [qxUbt#10] kurt: said "/c"
[9:17:16 AM] [qxUbt#10] kurt: said "/c"
[9:17:30 AM] [qxUbt#10] kurt: said "/c"
[9:18:21 AM] [qxUbt#10] kurt: said "/c"
[9:18:23 AM] [qxUbt#10] kurt: said "/c"
[9:18:26 AM] [qxUbt#10] kurt: said "/c"
[9:18:30 AM] [qxUbt#10] kurt: said "/c"
[9:18:31 AM] [qxUbt#10] kurt: said "/c"
[9:18:57 AM] [qxUbt#10] kurt: said "/c"
[9:19:10 AM] [qxUbt#10] kurt: said "/c"
[9:19:11 AM] [qxUbt#10] kurt: said "/c"
[9:19:46 AM] [qxUbt#10] kurt: said "/c"
[9:19:53 AM] [qxUbt#4] dfreire707: died from suicide (Falling)
[9:20:04 AM] [qxUbt#10] kurt: died from suicide (Falling)
[9:20:28 AM] [qxUbt#10] kurt: said "/c"
[9:20:28 AM] [qxUbt#10] kurt: said "/c"
[9:20:46 AM] [qxUbt#4] dfreire707: died from suicide (Falling)
[9:20:54 AM] [qxUbt#10] kurt: said "/c"
[9:21:00 AM] [qxUbt#10] kurt: said "/c"
[9:21:10 AM] [qxUbt#10] kurt: said "/c"
[9:21:16 AM] [qxUbt#10] kurt: said "/c"
[9:21:23 AM] [qxUbt#10] kurt: said "/c"
[9:21:34 AM] [qxUbt#10] kurt: said "/c"
[9:21:45 AM] [qxUbt#10] kurt: said "/c"
[9:21:46 AM] [qxUbt#10] kurt: said "/c"
[9:22:03 AM] [qxUbt#10] kurt: said "/c"
[9:22:03 AM] [qxUbt#10] kurt: said "/c"
[9:22:04 AM] [qxUbt#10] kurt: said "/c"
[9:22:14 AM] [qxUbt#10] kurt: said "/c"
[9:22:18 AM] [qxUbt#10] kurt: said "/c"
[9:22:21 AM] [qxUbt#10] kurt: said "/c"
[9:24:31 AM] [qxUbt#10] kurt: said "/c"
[9:24:48 AM] [qxUbt#10] kurt: said "/c"
[9:24:49 AM] [qxUbt#10] kurt: said "/c"
[9:32:46 AM] [qxUbt#10] kurt: said "/c"
[9:32:47 AM] [qxUbt#10] kurt: said "/c"
[9:32:49 AM] [qxUbt#10] kurt: said "/c"
[9:32:51 AM] [qxUbt#10] kurt: said "/c"
[9:32:56 AM] [qxUbt#10] kurt: died from suicide (Falling)
[9:33:15 AM] [qxUbt#10] kurt: said "/c"
[9:33:36 AM] [qxUbt#10] kurt: said "/c"
[9:33:47 AM] [qxUbt#10] kurt: said "/c"
[9:33:54 AM] [qxUbt#10] kurt: said "/c"
[9:33:56 AM] [qxUbt#10] kurt: said "/c"
[9:34:02 AM] [qxUbt#10] kurt: said "/c"
[9:34:12 AM] [qxUbt#10] kurt: said "/c"
[9:34:44 AM] [qxUbt#10] kurt: said "/c"
[9:35:01 AM] [qxUbt#10] kurt: said "/c"
[9:35:18 AM] [qxUbt#10] kurt: said "/c"
[9:35:26 AM] [qxUbt#10] kurt: said "/c"
[9:35:32 AM] [qxUbt#10] kurt: said "/c"
[9:35:36 AM] [qxUbt#10] kurt: said "/c"
[9:35:46 AM] [qxUbt#10] kurt: said "/c"
[9:35:49 AM] [qxUbt#10] kurt: said "/c"
[9:35:52 AM] [qxUbt#10] kurt: said "/c"
[9:36:16 AM] [qxUbt#10] kurt: said "/c"
[9:36:17 AM] [qxUbt#10] kurt: said "/c"
[9:36:20 AM] [qxUbt#10] kurt: said "/c"
[9:36:28 AM] [qxUbt#10] kurt: said "/c"
[9:36:34 AM] [qxUbt#10] kurt: said "/c"
[9:36:42 AM] [qxUbt#10] kurt: said "/c"
[9:36:56 AM] [qxUbt#10] kurt: said "/c"
[9:37:06 AM] [qxUbt#10] kurt: said "/c"
[9:37:07 AM] [qxUbt#10] kurt: said "/c"
[9:37:28 AM] [qxUbt#10] kurt: said "/c"
[9:37:42 AM] [qxUbt#10] kurt: said "/c"
[9:37:50 AM] [qxUbt#10] kurt: disconnected (Exiting)
[9:51:49 AM] [qxUbt#11] BielTugas: joined with identifiers [steam:11000015a69d540; license:d01bacd0d0cf3b22efd3f5e74056ba611849a444; discord:742917501389766707; fivem:12904676; license2:d01bacd0d0cf3b22efd3f5e74056ba611849a444]
[9:55:21 AM] [qxUbt#11] BielTugas: disconnected (Exiting)
[9:55:28 AM] [qxUbt#4] dfreire707: disconnected (Exiting)
[10:01:10 AM] txAdmin: Logger started
[10:02:02 AM] [wbdUj#1] dfreire707: joined with identifiers [steam:110000147a622b0; license:a705edebb78fd8b62dd1308631875ec570a35bbb; xbl:2535471908054910; live:1055519264109434; discord:906293818255622205; license2:24b59c876d0c0b498987655a31ee47ddc396a24d]
[10:02:42 AM] [wbdUj#2] BielTugas: joined with identifiers [steam:11000015a69d540; license:d01bacd0d0cf3b22efd3f5e74056ba611849a444; discord:742917501389766707; fivem:12904676; license2:d01bacd0d0cf3b22efd3f5e74056ba611849a444]
[10:05:31 AM] [wbdUj#3] kurt: joined with identifiers [steam:110000149bd913f; license:57cd199b3fe5b54f252ea285f03d777a8459be26; xbl:2535418348099493; live:1055519339320985; discord:873735949870325801; license2:57cd199b3fe5b54f252ea285f03d777a8459be26]
[10:07:05 AM] [wbdUj#3] kurt: said "/c"
[10:07:15 AM] [wbdUj#3] kurt: said "/c"
[10:07:28 AM] [wbdUj#3] kurt: said "/c"
[10:07:32 AM] [wbdUj#3] kurt: said "/c"
[10:09:01 AM] [wbdUj#3] kurt: said "/c"
[10:09:03 AM] [wbdUj#3] kurt: said "/c"
[10:09:37 AM] [wbdUj#3] kurt: said "/c"
[10:10:19 AM] [wbdUj#1] dfreire707: disconnected (Exiting)
[10:10:34 AM] [wbdUj#3] kurt: disconnected (Exiting)
[10:11:03 AM] [wbdUj#4] kurt: joined with identifiers [steam:110000149bd913f; license:57cd199b3fe5b54f252ea285f03d777a8459be26; xbl:2535418348099493; live:1055519339320985; discord:873735949870325801; license2:57cd199b3fe5b54f252ea285f03d777a8459be26]
[10:12:21 AM] [wbdUj#4] kurt: said "/c"
[10:12:23 AM] [wbdUj#4] kurt: said "/c"
[10:12:35 AM] [wbdUj#4] kurt: said "/c"
[10:13:03 AM] [wbdUj#4] kurt: said "/profile_gama -1"
[10:13:47 AM] [wbdUj#4] kurt: said "/c"
[10:14:09 AM] [wbdUj#4] kurt: said "/c"
[10:14:15 AM] [wbdUj#4] kurt: said "/c"
[10:14:24 AM] [wbdUj#4] kurt: said "/c"
[10:15:18 AM] [wbdUj#2] BielTugas: disconnected (Exiting)
[10:15:26 AM] [wbdUj#4] kurt: said "/sprofile_gamma 50"
[10:15:32 AM] [wbdUj#4] kurt: said "/20"
[10:15:38 AM] [wbdUj#4] kurt: said "/5"
[10:16:00 AM] [wbdUj#4] kurt: said "/c"
[10:16:12 AM] [wbdUj#5] dfreire707: joined with identifiers [steam:110000147a622b0; license:a705edebb78fd8b62dd1308631875ec570a35bbb; xbl:2535471908054910; live:1055519264109434; discord:906293818255622205; license2:24b59c876d0c0b498987655a31ee47ddc396a24d]
[10:16:26 AM] [wbdUj#4] kurt: said "/c"
[10:16:28 AM] [wbdUj#4] kurt: said "/c"
[10:16:58 AM] [wbdUj#4] kurt: said "/c"
[10:16:59 AM] [wbdUj#4] kurt: said "/c"
[10:17:00 AM] [wbdUj#4] kurt: said "/c"
[10:17:00 AM] [wbdUj#4] kurt: said "/c"
[10:17:13 AM] [wbdUj#4] kurt: said "/c"
[10:17:21 AM] [wbdUj#4] kurt: said "/c"
[10:17:23 AM] [wbdUj#4] kurt: said "/c"
[10:17:24 AM] [wbdUj#4] kurt: said "/c"
[10:17:25 AM] [wbdUj#4] kurt: said "/c"
[10:17:25 AM] [wbdUj#4] kurt: said "/c"
[10:17:39 AM] [wbdUj#4] kurt: said "/c"
[10:17:40 AM] [wbdUj#4] kurt: said "/c"
[10:18:03 AM] [wbdUj#4] kurt: said "/c"
[10:18:15 AM] [wbdUj#4] kurt: said "/time0000"
[10:18:51 AM] [wbdUj#4] kurt: said "/c"
[10:19:13 AM] [wbdUj#4] kurt: died from suicide (Falling)
[10:19:14 AM] [wbdUj#4] kurt: said "/c"
[10:19:45 AM] [wbdUj#4] kurt: said "/c"
[10:19:59 AM] [wbdUj#4] kurt: said "/c"
[10:20:00 AM] [wbdUj#4] kurt: said "/c"
[10:20:01 AM] [wbdUj#4] kurt: said "/c"
[10:20:31 AM] [wbdUj#4] kurt: said "/c"
[10:20:40 AM] [wbdUj#4] kurt: said "/c"
[10:20:58 AM] [wbdUj#4] kurt: said "/c"
[10:21:27 AM] [wbdUj#4] kurt: said "/c"
[10:21:31 AM] [wbdUj#4] kurt: said "/c"
[10:21:49 AM] [wbdUj#4] kurt: said "/c"
[10:22:02 AM] [wbdUj#4] kurt: said "/c"
[10:22:16 AM] [wbdUj#4] kurt: disconnected (Exiting)
[10:36:40 AM] [wbdUj#6] kurt: joined with identifiers [steam:110000149bd913f; license:57cd199b3fe5b54f252ea285f03d777a8459be26; xbl:2535418348099493; live:1055519339320985; discord:873735949870325801; license2:57cd199b3fe5b54f252ea285f03d777a8459be26]
[10:36:52 AM] [wbdUj#6] kurt: disconnected (Exiting)
[10:42:27 AM] [wbdUj#5] dfreire707: disconnected ([txAdmin] Server restarting (requested by Diego_Freire1).)
[10:42:46 AM] txAdmin: Logger started
[10:43:22 AM] [GBFcE#1] BielTugas: joined with identifiers [steam:11000015a69d540; license:d01bacd0d0cf3b22efd3f5e74056ba611849a444; discord:742917501389766707; fivem:12904676; license2:d01bacd0d0cf3b22efd3f5e74056ba611849a444]
[10:45:34 AM] [GBFcE#2] dfreire707: joined with identifiers [steam:110000147a622b0; license:a705edebb78fd8b62dd1308631875ec570a35bbb; xbl:2535471908054910; live:1055519264109434; discord:906293818255622205; license2:24b59c876d0c0b498987655a31ee47ddc396a24d]
[10:49:37 AM] [GBFcE#2] dfreire707: died from Knife by BielTugas
[10:50:07 AM] [GBFcE#2] dfreire707: died from Knife by BielTugas
[10:50:55 AM] [GBFcE#2] dfreire707: died from Knife by BielTugas
[10:53:19 AM] [GBFcE#1] BielTugas: disconnected (Exiting)
[10:53:40 AM] [GBFcE#3] kurt: joined with identifiers [steam:110000149bd913f; license:57cd199b3fe5b54f252ea285f03d777a8459be26; xbl:2535418348099493; live:1055519339320985; discord:873735949870325801; license2:57cd199b3fe5b54f252ea285f03d777a8459be26]
[10:53:50 AM] [GBFcE#4] BielTugas: joined with identifiers [steam:11000015a69d540; license:d01bacd0d0cf3b22efd3f5e74056ba611849a444; discord:742917501389766707; fivem:12904676; license2:d01bacd0d0cf3b22efd3f5e74056ba611849a444]
[10:55:40 AM] [GBFcE#3] kurt: said "/c"
[10:55:43 AM] [GBFcE#3] kurt: said "/c"
[10:57:27 AM] [GBFcE#3] kurt: said "/c"
[10:58:45 AM] [GBFcE#4] BielTugas: disconnected (Exiting)
[11:04:34 AM] [GBFcE#3] kurt: said "/c"
[11:04:36 AM] [GBFcE#3] kurt: said "/c"
[11:08:25 AM] [GBFcE#5] JdsGallagher: joined with identifiers [steam:11000010b3cc647; license:c7f777414217dc84480e11e9c159ddf320b930b5; discord:272203781372903443; license2:c7d1cedb25f9c028ba2214f082d36beb318f1bdb]
[11:08:57 AM] [GBFcE#2] dfreire707: said "/adminmenu"
[11:09:01 AM] [GBFcE#3] kurt: said "/c"
[11:09:02 AM] [GBFcE#3] kurt: said "/c"
[11:10:22 AM] [GBFcE#2] dfreire707: died from suicide
[11:10:27 AM] [GBFcE#3] kurt: caused an explosion (PLANE)
[11:10:30 AM] [GBFcE#3] kurt: caused an explosion (TRUCK)
[11:10:30 AM] [GBFcE#3] kurt: caused an explosion (CAR)
[11:10:30 AM] [GBFcE#3] kurt: caused an explosion (CAR)
[11:11:11 AM] [GBFcE#3] kurt: died from suicide (Falling)
[11:11:35 AM] [GBFcE#3] kurt: died from suicide
[11:12:30 AM] [GBFcE#3] kurt: said "/c"
[11:12:53 AM] [GBFcE#5] JdsGallagher: died from Vehicle Rotors by dfreire707
[11:13:05 AM] [GBFcE#3] kurt: said "/c"
[11:13:40 AM] [GBFcE#3] kurt: said "/c"
[11:14:07 AM] [GBFcE#3] kurt: said "/c"
[11:14:07 AM] [GBFcE#3] kurt: said "/c"
[11:15:14 AM] [GBFcE#3] kurt: said "/c"
[11:15:45 AM] [GBFcE#2] dfreire707: died from suicide (Vehicle Rotors)
[11:15:48 AM] [GBFcE#2] dfreire707: caused an explosion (PLANE)
[11:16:17 AM] [GBFcE#3] kurt: said "/c"
[11:22:43 AM] [GBFcE#5] JdsGallagher: died from suicide (Falling)
[11:23:53 AM] [GBFcE#2] dfreire707: disconnected ([txAdmin] Server restarting (requested by Diego_Freire1).)
[11:23:53 AM] [GBFcE#3] kurt: disconnected ([txAdmin] Server restarting (requested by Diego_Freire1).)
[11:23:53 AM] [GBFcE#5] JdsGallagher: disconnected ([txAdmin] Server restarting (requested by Diego_Freire1).)
[11:24:12 AM] txAdmin: Logger started
[11:25:27 AM] [kJJKT#1] BielTugas: joined with identifiers [steam:11000015a69d540; license:d01bacd0d0cf3b22efd3f5e74056ba611849a444; discord:742917501389766707; fivem:12904676; license2:d01bacd0d0cf3b22efd3f5e74056ba611849a444]
[11:28:57 AM] [kJJKT#2] kurt: joined with identifiers [steam:110000149bd913f; license:57cd199b3fe5b54f252ea285f03d777a8459be26; xbl:2535418348099493; live:1055519339320985; discord:873735949870325801; license2:57cd199b3fe5b54f252ea285f03d777a8459be26]
[11:29:01 AM] [kJJKT#1] BielTugas: died from suicide (Falling)
[11:29:19 AM] [kJJKT#1] BielTugas: said "qmc"
[11:29:41 AM] [kJJKT#1] BielTugas: caused an explosion (PLANE)
[11:31:07 AM] [kJJKT#2] kurt: died from suicide (Falling)
[11:31:07 AM] [kJJKT#1] BielTugas: died from suicide (Falling)
[11:56:20 AM] [kJJKT#3] dfreire707: joined with identifiers [steam:110000147a622b0; license:a705edebb78fd8b62dd1308631875ec570a35bbb; xbl:2535471908054910; live:1055519264109434; discord:906293818255622205; license2:24b59c876d0c0b498987655a31ee47ddc396a24d]
[12:00:57 PM] [kJJKT#1] BielTugas: disconnected (Exiting)
[12:03:06 PM] [kJJKT#4] BielTugas: joined with identifiers [steam:11000015a69d540; license:d01bacd0d0cf3b22efd3f5e74056ba611849a444; discord:742917501389766707; fivem:12904676; license2:d01bacd0d0cf3b22efd3f5e74056ba611849a444]
[12:05:42 PM] [kJJKT#4] BielTugas: said "/v"
[12:10:26 PM] [kJJKT#2] kurt: said "/c"
[12:10:55 PM] [kJJKT#2] kurt: said "/c"
[12:10:59 PM] [kJJKT#2] kurt: said "/c"
[12:11:07 PM] [kJJKT#2] kurt: said "/c"
[12:11:09 PM] [kJJKT#2] kurt: said "/c"
[12:11:14 PM] [kJJKT#4] BielTugas: died from suicide (Falling)
[12:11:19 PM] [kJJKT#2] kurt: said "/c"
[12:12:09 PM] [kJJKT#4] BielTugas: died from suicide (Falling)
[12:13:42 PM] [kJJKT#4] BielTugas: died from suicide (Falling)
[12:21:53 PM] [kJJKT#3] dfreire707: died from Knife by BielTugas
[12:22:11 PM] [kJJKT#3] dfreire707: disconnected (Exiting)
[12:22:17 PM] [kJJKT#4] BielTugas: said "qdv"
[12:22:18 PM] [kJJKT#4] BielTugas: said "/dvb"
[12:22:46 PM] [kJJKT#5] dfreire707: joined with identifiers [steam:110000147a622b0; license:a705edebb78fd8b62dd1308631875ec570a35bbb; xbl:2535471908054910; live:1055519264109434; discord:906293818255622205; license2:24b59c876d0c0b498987655a31ee47ddc396a24d]
[12:23:42 PM] [kJJKT#4] BielTugas: died from suicide (Falling)
[12:24:59 PM] [kJJKT#2] kurt: said "/som"
[12:25:10 PM] [kJJKT#5] dfreire707: said "/adminmenu"
[12:26:24 PM] [kJJKT#4] BielTugas: said "/fixd"
[12:26:26 PM] [kJJKT#4] BielTugas: said "/fixd"
[12:26:34 PM] [kJJKT#2] kurt: said "/c"
[12:27:59 PM] [kJJKT#2] kurt: caused an explosion (BIKE)
[12:28:03 PM] [kJJKT#2] kurt: said "/c"
[12:28:08 PM] [kJJKT#2] kurt: said "/c"
[12:28:21 PM] [kJJKT#2] kurt: said "/c"
[12:29:44 PM] [kJJKT#5] dfreire707: died from suicide (Falling)
[12:30:01 PM] [kJJKT#2] kurt: said "/c"
[12:32:43 PM] [kJJKT#2] kurt: said "/c"
[12:32:46 PM] [kJJKT#2] kurt: said "/c"
[12:32:46 PM] [kJJKT#2] kurt: said "/c"
[12:32:46 PM] [kJJKT#2] kurt: said "/c"
[12:32:46 PM] [kJJKT#2] kurt: said "/c"
[12:32:46 PM] [kJJKT#2] kurt: said "/c"
[12:32:47 PM] [kJJKT#2] kurt: said "/c"
[12:32:47 PM] [kJJKT#2] kurt: said "/c"
[12:32:47 PM] [kJJKT#2] kurt: said "/c"
[12:32:47 PM] [kJJKT#2] kurt: said "/c"
[12:32:48 PM] [kJJKT#2] kurt: said "/c"
[12:32:48 PM] [kJJKT#2] kurt: said "/c"
[12:32:48 PM] [kJJKT#2] kurt: said "/c"
[12:32:48 PM] [kJJKT#2] kurt: said "/c"
[12:32:51 PM] [kJJKT#2] kurt: said "/c"
[12:34:15 PM] [kJJKT#4] BielTugas: said "/ix"
[12:36:21 PM] [kJJKT#2] kurt: said "/c"
[12:36:30 PM] [kJJKT#2] kurt: said "/c"
[12:37:06 PM] [kJJKT#2] kurt: said "/c"
[12:37:16 PM] [kJJKT#2] kurt: said "/c"
[12:37:24 PM] [kJJKT#2] kurt: said "/c"
[12:37:44 PM] [kJJKT#2] kurt: said "/c"
[12:38:00 PM] [kJJKT#2] kurt: said "/c"
[12:38:07 PM] [kJJKT#2] kurt: said "/c"
[12:38:07 PM] [kJJKT#2] kurt: said "/c"
[12:38:15 PM] [kJJKT#2] kurt: said "/c"
[12:38:23 PM] [kJJKT#2] kurt: said "/c"
[12:38:36 PM] [kJJKT#2] kurt: said "/c"
[12:38:38 PM] [kJJKT#2] kurt: said "/c"
[12:38:41 PM] [kJJKT#2] kurt: said "/c"
[12:38:51 PM] [kJJKT#2] kurt: said "/c"
[12:38:53 PM] [kJJKT#2] kurt: said "/c"
[12:39:56 PM] [kJJKT#2] kurt: said "/c"
[12:40:17 PM] [kJJKT#2] kurt: said "/c"
[12:40:23 PM] [kJJKT#2] kurt: said "/c"
[12:40:24 PM] [kJJKT#2] kurt: said "/c"
[12:40:34 PM] [kJJKT#2] kurt: said "/c"
[12:40:46 PM] [kJJKT#2] kurt: said "/c"
[12:41:07 PM] [kJJKT#2] kurt: said "/c"
[12:41:08 PM] [kJJKT#2] kurt: said "/c"
[12:41:10 PM] [kJJKT#2] kurt: said "/c"
[12:41:24 PM] [kJJKT#2] kurt: said "/c"
[12:41:31 PM] [kJJKT#2] kurt: said "/c"
[12:41:32 PM] [kJJKT#2] kurt: said "/c"
[12:41:41 PM] [kJJKT#2] kurt: said "/c"
[12:41:56 PM] [kJJKT#2] kurt: said "/c"
[12:43:57 PM] [kJJKT#2] kurt: said "/c"
[12:44:15 PM] [kJJKT#2] kurt: said "/wfix"
[12:44:52 PM] [kJJKT#2] kurt: said "/c"
[12:45:03 PM] [kJJKT#2] kurt: said "/c"
[12:45:24 PM] [kJJKT#4] BielTugas: caused an explosion (BIKE)
[12:46:01 PM] [kJJKT#2] kurt: said "/c"
[12:46:03 PM] [kJJKT#2] kurt: said "/c"
[12:46:22 PM] [kJJKT#2] kurt: said "/c"
[12:46:29 PM] [kJJKT#2] kurt: said "/c"
[12:46:53 PM] [kJJKT#2] kurt: said "/c"
[12:47:09 PM] [kJJKT#2] kurt: said "/c"
[12:47:37 PM] [kJJKT#2] kurt: said "/c"
[12:47:56 PM] [kJJKT#2] kurt: said "/c"
[12:47:57 PM] [kJJKT#2] kurt: said "/c"
[12:47:59 PM] [kJJKT#2] kurt: said "/c"
[12:49:11 PM] [kJJKT#6] JdsGallagher: joined with identifiers [steam:11000010b3cc647; license:c7f777414217dc84480e11e9c159ddf320b930b5; discord:272203781372903443; license2:c7d1cedb25f9c028ba2214f082d36beb318f1bdb]
[12:57:46 PM] [kJJKT#4] BielTugas: triggered wild attack on [#5] dfreire707
[12:57:49 PM] [kJJKT#4] BielTugas: triggered wild attack on [#6] JdsGallagher
[12:58:02 PM] [kJJKT#6] JdsGallagher: died from suicide (Animal)
[12:58:43 PM] [kJJKT#4] BielTugas: died from Knife by dfreire707
[12:58:53 PM] [kJJKT#6] JdsGallagher: died from Fist by dfreire707
[12:59:01 PM] [kJJKT#5] dfreire707: died from suicide (Animal)
[1:05:11 PM] [kJJKT#4] BielTugas: turned show player IDs on
[1:05:44 PM] [kJJKT#2] kurt: said "/wgod"
[1:06:29 PM] [kJJKT#2] kurt: said "/c"
[1:06:33 PM] [kJJKT#2] kurt: said "/c"
[1:06:42 PM] [kJJKT#2] kurt: said "/c"
[1:06:53 PM] [kJJKT#2] kurt: said "/c"
[1:06:54 PM] [kJJKT#2] kurt: said "/c"
[1:07:52 PM] [kJJKT#2] kurt: said "/c"
[1:07:58 PM] [kJJKT#2] kurt: said "/c"
[1:08:05 PM] [kJJKT#2] kurt: said "/c"
[1:08:06 PM] [kJJKT#2] kurt: said "/c"
[1:11:17 PM] [kJJKT#4] BielTugas: said "/ficx"
[1:11:27 PM] [kJJKT#4] BielTugas: died from suicide (Falling)
[1:11:31 PM] [kJJKT#4] BielTugas: said "qgod"
[1:11:46 PM] [kJJKT#2] kurt: said "/c"
[1:11:49 PM] [kJJKT#5] dfreire707: said "/wfix"
[1:11:51 PM] [kJJKT#2] kurt: said "/c"
[1:12:09 PM] [kJJKT#2] kurt: said "/c"
[1:12:15 PM] [kJJKT#2] kurt: said "/c"
[1:12:20 PM] [kJJKT#2] kurt: said "/c"
[1:13:27 PM] [kJJKT#2] kurt: said "/c"
[1:13:46 PM] [kJJKT#2] kurt: said "/c"
[1:13:53 PM] [kJJKT#2] kurt: said "/c"
[1:14:20 PM] [kJJKT#2] kurt: said "/c"
[1:14:22 PM] [kJJKT#2] kurt: said "/c"
[1:14:47 PM] [kJJKT#2] kurt: said "/wdv"
[1:16:13 PM] [kJJKT#2] kurt: said "/c"
[1:18:17 PM] [kJJKT#4] BielTugas: said "/tpto 5"
[1:20:22 PM] [kJJKT#2] kurt: said "/c"
[1:20:47 PM] [kJJKT#2] kurt: said "/c"
[1:20:59 PM] [kJJKT#4] BielTugas: said "/stealshoes"
[1:21:01 PM] [kJJKT#5] dfreire707: said "/stealshoes"
[1:21:07 PM] [kJJKT#4] BielTugas: died from Knife by dfreire707
[1:21:27 PM] [kJJKT#6] JdsGallagher: said "/stealshoes"
[1:21:29 PM] [kJJKT#4] BielTugas: said "/stealshoes"
[1:21:32 PM] [kJJKT#6] JdsGallagher: said "/stealshoes"
[1:21:52 PM] [kJJKT#6] JdsGallagher: died from Knife by dfreire707
[1:22:06 PM] [kJJKT#4] BielTugas: said "/c"
[1:22:10 PM] [kJJKT#6] JdsGallagher: died from Knife by dfreire707
[1:22:17 PM] [kJJKT#2] kurt: said "/c"
[1:22:23 PM] [kJJKT#4] BielTugas: died from Knife by dfreire707
[1:22:25 PM] [kJJKT#4] BielTugas: enabled god mode
[1:23:19 PM] [kJJKT#2] kurt: said "/c"
[1:23:56 PM] [kJJKT#4] BielTugas: turned show player IDs off
[1:23:58 PM] [kJJKT#4] BielTugas: turned show player IDs on
[1:24:01 PM] [kJJKT#4] BielTugas: turned show player IDs off
[1:24:01 PM] [kJJKT#5] dfreire707: said "/stealshoes"
[1:24:06 PM] [kJJKT#4] BielTugas: toggled freeze on player [#6] JdsGallagher
[1:24:09 PM] [kJJKT#6] JdsGallagher: died from suicide
[1:24:10 PM] [kJJKT#4] BielTugas: toggled freeze on player [#6] JdsGallagher
[1:24:15 PM] txAdmin: ((DM) Diego_Freire1): said "VAI TOMAR NO CU"
[1:25:40 PM] [kJJKT#4] BielTugas: toggled freeze on player [#6] JdsGallagher
[1:25:45 PM] [kJJKT#4] BielTugas: toggled freeze on player [#5] dfreire707
[1:25:53 PM] [kJJKT#6] JdsGallagher: said "/unfree"
[1:25:57 PM] [kJJKT#6] JdsGallagher: died from suicide (Falling)
[1:25:59 PM] [kJJKT#2] kurt: said "/c"
[1:26:15 PM] [kJJKT#4] BielTugas: toggled freeze on player [#5] dfreire707
[1:26:17 PM] [kJJKT#4] BielTugas: toggled freeze on player [#6] JdsGallagher
[1:26:34 PM] [kJJKT#4] BielTugas: toggled freeze on player [#5] dfreire707
[1:26:50 PM] [kJJKT#4] BielTugas: toggled freeze on player [#5] dfreire707
[1:27:00 PM] [kJJKT#4] BielTugas: died from suicide
[1:27:03 PM] [kJJKT#6] JdsGallagher: died from Fist by dfreire707
[1:27:06 PM] [kJJKT#2] kurt: said "/wnc"
[1:27:21 PM] [kJJKT#6] JdsGallagher: caused an explosion (UNKNOWN)
[1:27:21 PM] [kJJKT#6] JdsGallagher: caused an explosion (UNKNOWN)
[1:27:21 PM] [kJJKT#6] JdsGallagher: caused an explosion (UNKNOWN)
[1:27:21 PM] [kJJKT#6] JdsGallagher: caused an explosion (UNKNOWN)
[1:27:21 PM] [kJJKT#6] JdsGallagher: caused an explosion (UNKNOWN)
[1:27:21 PM] [kJJKT#6] JdsGallagher: died from suicide (Explosion)
[1:27:24 PM] [kJJKT#6] JdsGallagher: caused an explosion (GAS_CANISTER)
[1:27:25 PM] [kJJKT#4] BielTugas: caused an explosion (GAS_CANISTER)
[1:27:26 PM] [kJJKT#4] BielTugas: died from suicide
[1:27:50 PM] [kJJKT#5] dfreire707: disconnected (Exiting)
[1:28:17 PM] [kJJKT#7] dfreire707: joined with identifiers [steam:110000147a622b0; license:a705edebb78fd8b62dd1308631875ec570a35bbb; xbl:2535471908054910; live:1055519264109434; discord:906293818255622205; license2:24b59c876d0c0b498987655a31ee47ddc396a24d]
[1:28:35 PM] [kJJKT#2] kurt: said "/c"
[1:28:42 PM] [kJJKT#2] kurt: died from suicide (Falling)
[1:28:52 PM] [kJJKT#7] dfreire707: disconnected (Game crashed: GTA5_b2545.exe!sub_140913580 (0x4))
[1:29:39 PM] [kJJKT#8] dfreire707: joined with identifiers [steam:110000147a622b0; license:a705edebb78fd8b62dd1308631875ec570a35bbb; xbl:2535471908054910; live:1055519264109434; discord:906293818255622205; license2:24b59c876d0c0b498987655a31ee47ddc396a24d]
[1:29:43 PM] [kJJKT#2] kurt: said "/tpme 4"
[1:29:48 PM] [kJJKT#2] kurt: said "/tptome 4"
[1:31:07 PM] [kJJKT#2] kurt: disconnected ([txAdmin] Server restarting (requested by Diego_Freire1).)
[1:31:08 PM] [kJJKT#8] dfreire707: disconnected ([txAdmin] Server restarting (requested by Diego_Freire1).)
[1:31:08 PM] [kJJKT#4] BielTugas: disconnected ([txAdmin] Server restarting (requested by Diego_Freire1).)
[1:31:08 PM] [kJJKT#6] JdsGallagher: disconnected ([txAdmin] Server restarting (requested by Diego_Freire1).)
[1:31:36 PM] txAdmin: Logger started
[1:35:11 PM] [AtjE9#1] BielTugas: joined with identifiers [steam:11000015a69d540; license:d01bacd0d0cf3b22efd3f5e74056ba611849a444; discord:742917501389766707; fivem:12904676; license2:d01bacd0d0cf3b22efd3f5e74056ba611849a444]
[1:38:02 PM] [AtjE9#1] BielTugas: disconnected ([txAdmin] Server restarting (requested by Diego_Freire1).)
[1:38:21 PM] txAdmin: Logger started
[1:39:24 PM] [yLLFM#1] BielTugas: joined with identifiers [steam:11000015a69d540; license:d01bacd0d0cf3b22efd3f5e74056ba611849a444; discord:742917501389766707; fivem:12904676; license2:d01bacd0d0cf3b22efd3f5e74056ba611849a444]
[1:40:44 PM] [yLLFM#2] dfreire707: joined with identifiers [steam:110000147a622b0; license:a705edebb78fd8b62dd1308631875ec570a35bbb; xbl:2535471908054910; live:1055519264109434; discord:906293818255622205; license2:24b59c876d0c0b498987655a31ee47ddc396a24d]
[1:41:02 PM] [yLLFM#1] BielTugas: said "/nmc"
[1:41:14 PM] [yLLFM#1] BielTugas: said "/tpway"
[1:52:19 PM] [yLLFM#1] BielTugas: disconnected ([txAdmin] Server restarting (requested by Diego_Freire1).)
[1:52:19 PM] [yLLFM#2] dfreire707: disconnected ([txAdmin] Server restarting (requested by Diego_Freire1).)
[1:52:37 PM] txAdmin: Logger started
[1:53:32 PM] [9fteH#1] BielTugas: joined with identifiers [steam:11000015a69d540; license:d01bacd0d0cf3b22efd3f5e74056ba611849a444; discord:742917501389766707; fivem:12904676; license2:d01bacd0d0cf3b22efd3f5e74056ba611849a444]
[1:59:23 PM] [9fteH#2] JdsGallagher: joined with identifiers [steam:11000010b3cc647; license:c7f777414217dc84480e11e9c159ddf320b930b5; discord:272203781372903443; license2:c7d1cedb25f9c028ba2214f082d36beb318f1bdb]
[2:02:50 PM] [9fteH#3] dfreire707: joined with identifiers [steam:110000147a622b0; license:a705edebb78fd8b62dd1308631875ec570a35bbb; xbl:2535471908054910; live:1055519264109434; discord:906293818255622205; license2:24b59c876d0c0b498987655a31ee47ddc396a24d]
[2:03:25 PM] [9fteH#3] dfreire707: disconnected (Game crashed: GTA5_b2545.exe!sub_140913580 (0x4))
[2:03:55 PM] [9fteH#4] dfreire707: joined with identifiers [steam:110000147a622b0; license:a705edebb78fd8b62dd1308631875ec570a35bbb; xbl:2535471908054910; live:1055519264109434; discord:906293818255622205; license2:24b59c876d0c0b498987655a31ee47ddc396a24d]
[2:05:06 PM] [9fteH#1] BielTugas: said "/emote panel"
[2:05:45 PM] [9fteH#1] BielTugas: said "/debug"
[2:06:41 PM] [9fteH#4] dfreire707: died from Knife by BielTugas
[2:06:56 PM] [9fteH#4] dfreire707: died from Knife by BielTugas
[2:07:14 PM] [9fteH#1] BielTugas: died from Knife by dfreire707
[2:10:58 PM] [9fteH#1] BielTugas: teleported to player [#4] dfreire707 (x=-63.349, y=-1319.328, z=29.094)
[2:17:12 PM] [9fteH#2] JdsGallagher: disconnected (Exiting)
[2:20:09 PM] [9fteH#1] BielTugas: disconnected ([txAdmin] Server restarting (requested by Diego_Freire1).)
[2:20:09 PM] [9fteH#4] dfreire707: disconnected ([txAdmin] Server restarting (requested by Diego_Freire1).)
[2:20:28 PM] txAdmin: Logger started
[2:21:11 PM] [yArRP#1] BielTugas: joined with identifiers [steam:11000015a69d540; license:d01bacd0d0cf3b22efd3f5e74056ba611849a444; discord:742917501389766707; fivem:12904676; license2:d01bacd0d0cf3b22efd3f5e74056ba611849a444]
[2:25:37 PM] [yArRP#2] dfreire707: joined with identifiers [steam:110000147a622b0; license:a705edebb78fd8b62dd1308631875ec570a35bbb; xbl:2535471908054910; live:1055519264109434; discord:906293818255622205; license2:24b59c876d0c0b498987655a31ee47ddc396a24d]
[2:31:09 PM] [yArRP#1] BielTugas: teleported to player [#2] dfreire707 (x=-62.822, y=-1321.081, z=29.196)
[2:34:47 PM] [yArRP#1] BielTugas: disconnected ([txAdmin] Server restarting (requested by Diego_Freire1).)
[2:34:47 PM] [yArRP#2] dfreire707: disconnected ([txAdmin] Server restarting (requested by Diego_Freire1).)
[2:35:05 PM] txAdmin: Logger started
[2:36:30 PM] [AY3WJ#1] BielTugas: joined with identifiers [steam:11000015a69d540; license:d01bacd0d0cf3b22efd3f5e74056ba611849a444; discord:742917501389766707; fivem:12904676; license2:d01bacd0d0cf3b22efd3f5e74056ba611849a444]
[2:45:14 PM] [AY3WJ#1] BielTugas: said "/txadmion"
[2:46:01 PM] [AY3WJ#1] BielTugas: disconnected ([txAdmin] Server restarting (requested by Diego_Freire1).)
[2:46:19 PM] txAdmin: Logger started
[2:47:12 PM] [6nWJJ#1] BielTugas: joined with identifiers [steam:11000015a69d540; license:d01bacd0d0cf3b22efd3f5e74056ba611849a444; discord:742917501389766707; fivem:12904676; license2:d01bacd0d0cf3b22efd3f5e74056ba611849a444]
[2:52:58 PM] [6nWJJ#2] dfreire707: joined with identifiers [steam:110000147a622b0; license:a705edebb78fd8b62dd1308631875ec570a35bbb; xbl:2535471908054910; live:1055519264109434; discord:906293818255622205; license2:24b59c876d0c0b498987655a31ee47ddc396a24d]
[2:53:28 PM] [6nWJJ#2] dfreire707: disconnected (Game crashed: GTA5_b2545.exe!sub_140913580 (0x4))
[2:54:39 PM] [6nWJJ#3] dfreire707: joined with identifiers [steam:110000147a622b0; license:a705edebb78fd8b62dd1308631875ec570a35bbb; xbl:2535471908054910; live:1055519264109434; discord:906293818255622205; license2:24b59c876d0c0b498987655a31ee47ddc396a24d]
[3:01:30 PM] [6nWJJ#4] JdsGallagher: joined with identifiers [steam:11000010b3cc647; license:c7f777414217dc84480e11e9c159ddf320b930b5; discord:272203781372903443; license2:c7d1cedb25f9c028ba2214f082d36beb318f1bdb]
[3:03:40 PM] [6nWJJ#4] JdsGallagher: said "/etv"
[3:03:49 PM] [6nWJJ#3] dfreire707: said "/tv"
[3:04:04 PM] [6nWJJ#3] dfreire707: said "/tv"
[3:04:58 PM] [6nWJJ#4] JdsGallagher: said "/televisao"
[3:09:49 PM] [6nWJJ#4] JdsGallagher: died from Fist by dfreire707
[3:16:18 PM] [6nWJJ#1] BielTugas: disconnected (Exiting)
[3:17:29 PM] [6nWJJ#3] dfreire707: died from Knife by JdsGallagher
[3:18:29 PM] [6nWJJ#4] JdsGallagher: died from Fist by dfreire707
[3:20:00 PM] [6nWJJ#3] dfreire707: died from Fist by JdsGallagher
[3:26:24 PM] [6nWJJ#3] dfreire707: disconnected (Exiting)
[3:34:12 PM] [6nWJJ#4] JdsGallagher: disconnected (Server shutting down: SIGHUP received)
