
================================================================
======== txAdmin Starting - 1/18/2024, 9:04:19 AM               
================================================================

================================================================
======== Log Rotated - 1/18/2024, 9:04:19 AM                    
================================================================
[9:05:45 AM] txAdmin: Logger started
[9:16:56 AM] [fgPe8#1] dfreire707: joined with identifiers [steam:110000147a622b0; license:a705edebb78fd8b62dd1308631875ec570a35bbb; discord:906293818255622205; license2:24b59c876d0c0b498987655a31ee47ddc396a24d]
[9:19:31 AM] [fgPe8#2] BielTugas: joined with identifiers [steam:11000015a69d540; license:d01bacd0d0cf3b22efd3f5e74056ba611849a444; discord:742917501389766707; fivem:12904676; license2:d01bacd0d0cf3b22efd3f5e74056ba611849a444]
[9:29:16 AM] [fgPe8#2] BielTugas: said "/pm"
[9:30:49 AM] [fgPe8#1] dfreire707: died from suicide (Falling)
[9:31:55 AM] [fgPe8#3] JdsGallagher: joined with identifiers [steam:11000010b3cc647; license:c7f777414217dc84480e11e9c159ddf320b930b5; discord:272203781372903443; license2:c7d1cedb25f9c028ba2214f082d36beb318f1bdb]
[9:32:34 AM] [fgPe8#2] BielTugas: enabled noclip
[9:32:34 AM] [fgPe8#2] BielTugas: became mortal (standard mode)
[9:32:43 AM] [fgPe8#2] BielTugas: said "/mc"
[9:32:45 AM] [fgPe8#2] BielTugas: enabled noclip
[9:33:07 AM] [fgPe8#1] dfreire707: disconnected (Exiting)
[9:52:10 AM] [fgPe8#2] BielTugas: became mortal (standard mode)
[9:52:45 AM] [fgPe8#2] BielTugas: said "/ncc"
[9:57:53 AM] [fgPe8#4] dfreire707: joined with identifiers [steam:110000147a622b0; license:a705edebb78fd8b62dd1308631875ec570a35bbb; xbl:2535471908054910; live:1055519264109434; discord:906293818255622205; license2:24b59c876d0c0b498987655a31ee47ddc396a24d]
[9:59:47 AM] [fgPe8#4] dfreire707: died from suicide (Falling)
[10:01:15 AM] [fgPe8#5] nic140590: joined with identifiers [steam:110000162ca1a5d; license:a705edebb78fd8b62dd1308631875ec570a35bbb; xbl:2535471908054910; live:1055519264109434; discord:1112728531722584065; license2:24b59c876d0c0b498987655a31ee47ddc396a24d]
[10:02:11 AM] [fgPe8#2] BielTugas: said "/hud"
[10:02:53 AM] [fgPe8#2] BielTugas: teleported to player [#5] nic140590 (x=0.000, y=0.000, z=0.000)
[10:03:07 AM] [fgPe8#2] BielTugas: teleported to player [#3] JdsGallagher (x=-711.666, y=-603.956, z=71.286)
[10:03:51 AM] [fgPe8#2] BielTugas: teleported to player [#5] nic140590 (x=-812.242, y=182.532, z=76.729)
[10:03:52 AM] [fgPe8#5] nic140590: disconnected (Exiting)
[10:04:06 AM] [fgPe8#2] BielTugas: teleported to player [#4] dfreire707 (x=-1504.127, y=-39.442, z=55.347)
[10:18:03 AM] [fgPe8#2] BielTugas: disconnected (Exiting)
[10:30:26 AM] [fgPe8#3] JdsGallagher: died from suicide (Falling)
[10:42:51 AM] [fgPe8#6] BielTugas: joined with identifiers [steam:11000015a69d540; license:d01bacd0d0cf3b22efd3f5e74056ba611849a444; discord:742917501389766707; fivem:12904676; license2:d01bacd0d0cf3b22efd3f5e74056ba611849a444]
[10:46:25 AM] [fgPe8#6] BielTugas: died from suicide (Falling)
[10:51:48 AM] [fgPe8#6] BielTugas: died from suicide (Falling)
[10:52:58 AM] [fgPe8#6] BielTugas: said "/v"
[10:56:07 AM] [fgPe8#6] BielTugas: teleported to player [#4] dfreire707 (x=-1429.952, y=-43.846, z=52.196)
[10:56:14 AM] [fgPe8#6] BielTugas: said "/tpto 4"
[11:00:06 AM] [fgPe8#4] dfreire707: died from Knife by JdsGallagher
[11:00:53 AM] [fgPe8#3] JdsGallagher: died from Knife by BielTugas
[11:01:02 AM] [fgPe8#4] dfreire707: died from Knife by BielTugas
[11:08:03 AM] [fgPe8#4] dfreire707: died from Ranover by Vehicle by BielTugas
[11:08:16 AM] [fgPe8#6] BielTugas: turned show player IDs on
[11:08:27 AM] [fgPe8#6] BielTugas: summoned player [#4] dfreire707
[11:14:08 AM] [fgPe8#6] BielTugas: died from Ranover by Vehicle by JdsGallagher
[11:19:30 AM] [fgPe8#3] JdsGallagher: said "/tv"
[11:24:23 AM] [fgPe8#6] BielTugas: said "/cn"
[11:25:02 AM] [fgPe8#3] JdsGallagher: died from suicide (Falling)
[11:30:12 AM] [fgPe8#3] JdsGallagher: said "/som"
[11:34:38 AM] [fgPe8#3] JdsGallagher: said "tpwd"
[11:36:39 AM] [fgPe8#4] dfreire707: died from Knife by BielTugas
[11:37:00 AM] [fgPe8#6] BielTugas: died from Knife by dfreire707
[11:37:03 AM] [fgPe8#3] JdsGallagher: died from Knife by dfreire707
[11:37:05 AM] [fgPe8#6] BielTugas: said "/kgod"
[11:43:00 AM] [fgPe8#6] BielTugas: disconnected (Exiting)
[11:43:28 AM] [fgPe8#4] dfreire707: died from Knife by JdsGallagher
[11:52:43 AM] [fgPe8#3] JdsGallagher: disconnected (Server->client connection timed out. Last seen 3182 msec ago.)
[11:52:43 AM] [fgPe8#4] dfreire707: disconnected (Server->client connection timed out. Last seen 6254 msec ago.)
[11:53:42 AM] [fgPe8#7] BielTugas: joined with identifiers [steam:11000015a69d540; license:d01bacd0d0cf3b22efd3f5e74056ba611849a444; discord:742917501389766707; fivem:12904676; license2:d01bacd0d0cf3b22efd3f5e74056ba611849a444]
[11:55:37 AM] [fgPe8#7] BielTugas: said "/cn"
[11:55:38 AM] [fgPe8#7] BielTugas: disconnected (Exiting)
[12:01:56 PM] [fgPe8#8] BielTugas: joined with identifiers [steam:11000015a69d540; license:d01bacd0d0cf3b22efd3f5e74056ba611849a444; discord:742917501389766707; fivem:12904676; license2:d01bacd0d0cf3b22efd3f5e74056ba611849a444]
[12:03:52 PM] [fgPe8#8] BielTugas: said "nc"
[12:05:00 PM] [fgPe8#8] BielTugas: disconnected (Exiting)
[12:46:19 PM] [fgPe8#9] JdsGallagher: joined with identifiers [steam:11000010b3cc647; license:c7f777414217dc84480e11e9c159ddf320b930b5; discord:272203781372903443; license2:c7d1cedb25f9c028ba2214f082d36beb318f1bdb]
[1:04:38 PM] [fgPe8#10] nic140590: joined with identifiers [steam:110000162ca1a5d; license:a705edebb78fd8b62dd1308631875ec570a35bbb; xbl:2535471908054910; live:1055519264109434; discord:1112728531722584065; license2:24b59c876d0c0b498987655a31ee47ddc396a24d]
[1:07:54 PM] [fgPe8#10] nic140590: disconnected (Exiting)
[1:16:06 PM] [fgPe8#11] BielTugas: joined with identifiers [steam:11000015a69d540; license:d01bacd0d0cf3b22efd3f5e74056ba611849a444; discord:742917501389766707; fivem:12904676; license2:d01bacd0d0cf3b22efd3f5e74056ba611849a444]
[1:17:25 PM] [fgPe8#12] dfreire707: joined with identifiers [steam:110000147a622b0; license:a705edebb78fd8b62dd1308631875ec570a35bbb; xbl:2535471908054910; live:1055519264109434; discord:906293818255622205; license2:24b59c876d0c0b498987655a31ee47ddc396a24d]
[1:22:19 PM] [fgPe8#11] BielTugas: said "/c"
[1:22:41 PM] [fgPe8#12] dfreire707: died from Knife by BielTugas
[1:23:25 PM] [fgPe8#12] dfreire707: died from Knife by BielTugas
[1:50:07 PM] [fgPe8#11] BielTugas: teleported to player [#12] dfreire707 (x=-1518.501, y=845.697, z=153.210)
[1:50:16 PM] [fgPe8#11] BielTugas: teleported to player [#12] dfreire707 (x=-1518.422, y=845.525, z=153.210)
[1:50:26 PM] [fgPe8#11] BielTugas: teleported to player [#9] JdsGallagher (x=1262.796, y=-3093.798, z=5.892)
[1:54:35 PM] [fgPe8#11] BielTugas: died from suicide (Falling)
[1:57:31 PM] [fgPe8#11] BielTugas: said "qnc"
[1:58:08 PM] [fgPe8#11] BielTugas: said "tpm"
[2:00:49 PM] [fgPe8#9] JdsGallagher: died from suicide (Falling)
[2:06:58 PM] [fgPe8#11] BielTugas: teleported to player [#12] dfreire707 (x=-1519.398, y=843.191, z=153.210)
[2:07:17 PM] [fgPe8#9] JdsGallagher: disconnected (Game crashed: GTA5_b2545.exe!sub_14091F868 (0x33))
[2:07:27 PM] [fgPe8#11] BielTugas: said "/tpto 4"
[2:12:35 PM] [fgPe8#11] BielTugas: said "/seat"
[2:12:40 PM] [fgPe8#11] BielTugas: said "/sit"
[2:12:42 PM] [fgPe8#11] BielTugas: said "/sit"
[2:13:57 PM] [fgPe8#13] JdsGallagher: joined with identifiers [steam:11000010b3cc647; license:c7f777414217dc84480e11e9c159ddf320b930b5; discord:272203781372903443; license2:c7d1cedb25f9c028ba2214f082d36beb318f1bdb]
[2:20:55 PM] [fgPe8#11] BielTugas: disconnected (Exiting)
[2:30:02 PM] [fgPe8#14] BielTugas: joined with identifiers [steam:11000015a69d540; license:d01bacd0d0cf3b22efd3f5e74056ba611849a444; discord:742917501389766707; fivem:12904676; license2:d01bacd0d0cf3b22efd3f5e74056ba611849a444]
[2:32:06 PM] [fgPe8#14] BielTugas: said "/e dancar"
[2:32:07 PM] [fgPe8#14] BielTugas: said "/e dancar2"
[2:32:09 PM] [fgPe8#14] BielTugas: said "/e dancar6"
[2:33:59 PM] [fgPe8#14] BielTugas: said "/e dancar34"
[2:34:09 PM] [fgPe8#14] BielTugas: said "/e dancar34"
[2:42:47 PM] [fgPe8#14] BielTugas: disconnected (Server shutting down: SIGHUP received)
[2:42:47 PM] [fgPe8#12] dfreire707: disconnected (Server shutting down: SIGHUP received)
[2:42:47 PM] [fgPe8#13] JdsGallagher: disconnected (Server shutting down: SIGHUP received)

================================================================
======== txAdmin Starting - 1/18/2024, 2:59:56 PM               
================================================================
[3:01:13 PM] txAdmin: Logger started
[3:02:17 PM] [gTrxa#1] dfreire707: joined with identifiers [steam:110000147a622b0; license:a705edebb78fd8b62dd1308631875ec570a35bbb; xbl:2535471908054910; live:1055519264109434; discord:906293818255622205; license2:24b59c876d0c0b498987655a31ee47ddc396a24d]
[3:44:14 PM] [gTrxa#1] dfreire707: died from suicide (Falling)
[3:47:26 PM] [gTrxa#1] dfreire707: disconnected (Exiting)
[7:39:55 PM] [gTrxa#2] JdsGallagher: joined with identifiers [steam:11000010b3cc647; license:c7f777414217dc84480e11e9c159ddf320b930b5; discord:272203781372903443; license2:c7d1cedb25f9c028ba2214f082d36beb318f1bdb]
[7:46:58 PM] [gTrxa#2] JdsGallagher: said "/anim"
[8:04:37 PM] [gTrxa#2] JdsGallagher: disconnected (Exiting)
