
================================================================
======== txAdmin Starting - 1/27/2024, 12:33:18 PM              
================================================================

================================================================
======== Log Rotated - 1/27/2024, 12:33:19 PM                   
================================================================

================================================================
======== txAdmin Starting - 1/27/2024, 12:36:16 PM              
================================================================
[12:38:29 PM] txAdmin: Logger started
[12:42:59 PM] [w8EHK#1] BielTugas: joined with identifiers [steam:11000015a69d540; license:d01bacd0d0cf3b22efd3f5e74056ba611849a444; discord:742917501389766707; license2:d01bacd0d0cf3b22efd3f5e74056ba611849a444]
[12:45:32 PM] [w8EHK#1] BielTugas: said "/-soccerstance"
[12:45:33 PM] [w8EHK#1] BielTugas: said "/-soccerstance"
[12:45:36 PM] [w8EHK#1] BielTugas: said "/-soccerstance"
[12:45:38 PM] [w8EHK#1] BielTugas: said "/-soccerstance"
[12:46:16 PM] [w8EHK#1] BielTugas: said "/-soccerstance"
[12:46:17 PM] [w8EHK#1] BielTugas: said "/-soccerstance"
[12:46:18 PM] [w8EHK#1] BielTugas: said "time 12 00"
[12:46:18 PM] [w8EHK#1] BielTugas: said "/-soccerstance"
[12:46:24 PM] [w8EHK#1] BielTugas: said "/-soccerstance"
[12:47:09 PM] [w8EHK#1] BielTugas: said "/-soccerstance"
[12:47:11 PM] [w8EHK#1] BielTugas: said "/-soccerstance"
[12:47:11 PM] [w8EHK#1] BielTugas: said "/-engine"
[12:47:21 PM] [w8EHK#1] BielTugas: said "/-soccerstance"
[12:47:43 PM] [w8EHK#1] BielTugas: said "/-engine"
[12:48:06 PM] [w8EHK#1] BielTugas: said "/-engine"
[12:49:10 PM] [w8EHK#1] BielTugas: said " /dv"
[12:49:14 PM] [w8EHK#1] BielTugas: said "/-soccerstance"
[12:49:19 PM] [w8EHK#1] BielTugas: said "/-soccerstance"
[12:50:25 PM] [w8EHK#1] BielTugas: said "/-engine"
[12:50:49 PM] [w8EHK#1] BielTugas: said "/-soccerstance"
[12:51:12 PM] [w8EHK#1] BielTugas: said "/-soccerstance"
[12:51:37 PM] [w8EHK#1] BielTugas: died from suicide (Falling)
[12:51:48 PM] [w8EHK#1] BielTugas: said "/gid"
[12:53:37 PM] [w8EHK#1] BielTugas: said "/-soccerstance"
[12:53:40 PM] [w8EHK#1] BielTugas: said "/-soccerstance"
[12:53:40 PM] [w8EHK#1] BielTugas: said "/-soccerstance"
[12:54:22 PM] [w8EHK#1] BielTugas: said "/-soccerstance"
[12:54:28 PM] [w8EHK#1] BielTugas: said "/-soccerstance"
[12:54:35 PM] [w8EHK#1] BielTugas: said "/-engine"
[12:55:25 PM] [w8EHK#1] BielTugas: said "/-soccerstance"
[12:55:43 PM] [w8EHK#1] BielTugas: said "/v"
[12:55:53 PM] [w8EHK#1] BielTugas: said "/v"
[12:56:23 PM] [w8EHK#1] BielTugas: said "/-soccerstance"
[12:56:24 PM] [w8EHK#1] BielTugas: said "/-soccerstance"
[12:56:57 PM] [w8EHK#1] BielTugas: said "/-soccerstance"
[12:57:03 PM] [w8EHK#1] BielTugas: said "/-engine"
[12:57:06 PM] [w8EHK#1] BielTugas: said "/c"
[12:57:12 PM] [w8EHK#1] BielTugas: said "/-engine"
[12:59:20 PM] [w8EHK#1] BielTugas: said "/-soccerstance"
[12:59:22 PM] [w8EHK#1] BielTugas: said "/-soccerstance"
[1:01:32 PM] [w8EHK#1] BielTugas: said "v"
[1:02:27 PM] [w8EHK#1] BielTugas: said "/-soccerstance"
[1:02:28 PM] [w8EHK#1] BielTugas: said "/-soccerstance"
[1:02:45 PM] [w8EHK#1] BielTugas: said "/-soccerstance"
[1:03:10 PM] [w8EHK#1] BielTugas: said "/-soccerstance"
[1:03:26 PM] [w8EHK#1] BielTugas: said "/-soccerstance"
[1:04:10 PM] [w8EHK#1] BielTugas: said "/-soccerstance"
[1:04:20 PM] [w8EHK#1] BielTugas: said "/-soccerstance"
[1:07:30 PM] [w8EHK#1] BielTugas: said "/-soccerstance"
[1:07:41 PM] [w8EHK#1] BielTugas: said "/-soccerstance"
[1:07:51 PM] [w8EHK#1] BielTugas: said "/-soccerstance"
[1:07:54 PM] [w8EHK#1] BielTugas: said "/-soccerstance"
[1:08:40 PM] [w8EHK#1] BielTugas: said "/-soccerstance"
[1:11:10 PM] [w8EHK#1] BielTugas: said "/-engine"
[1:11:17 PM] [w8EHK#1] BielTugas: said "/-soccerstance"
[1:11:54 PM] [w8EHK#1] BielTugas: said "/-soccerstance"
[1:12:47 PM] [w8EHK#2] dfreire707: joined with identifiers [steam:110000147a622b0; license:a705edebb78fd8b62dd1308631875ec570a35bbb; xbl:2535471908054910; live:1055519264109434; discord:906293818255622205; license2:24b59c876d0c0b498987655a31ee47ddc396a24d]
[1:14:26 PM] [w8EHK#1] BielTugas: said "/-soccerstance"
[1:17:06 PM] [w8EHK#1] BielTugas: said "/-soccerstance"
[1:17:32 PM] [w8EHK#1] BielTugas: disconnected (Exiting)
[1:21:46 PM] [w8EHK#2] dfreire707: disconnected (Exiting)
[1:24:12 PM] [w8EHK#3] dfreire707: joined with identifiers [steam:110000147a622b0; license:a705edebb78fd8b62dd1308631875ec570a35bbb; xbl:2535471908054910; live:1055519264109434; discord:906293818255622205; license2:24b59c876d0c0b498987655a31ee47ddc396a24d]
[1:26:20 PM] [w8EHK#3] dfreire707: said "/-soccerstance"
[1:26:21 PM] [w8EHK#3] dfreire707: said "/-soccerstance"
[1:26:26 PM] [w8EHK#3] dfreire707: said "/-engine"
[1:26:32 PM] [w8EHK#3] dfreire707: said "/-soccerstance"
[1:27:00 PM] [w8EHK#3] dfreire707: said "/-soccerstance"
[1:27:10 PM] [w8EHK#3] dfreire707: said "/-soccerstance"
[1:27:15 PM] [w8EHK#3] dfreire707: said "/-soccerstance"
[1:28:06 PM] [w8EHK#3] dfreire707: said "/-soccerstance"
[1:28:32 PM] [w8EHK#3] dfreire707: said "/-soccerstance"
[1:28:33 PM] [w8EHK#3] dfreire707: said "/-soccerstance"
[1:28:39 PM] [w8EHK#3] dfreire707: said "/-engine"
[1:28:42 PM] [w8EHK#3] dfreire707: said "/-soccerstance"
[1:28:42 PM] [w8EHK#3] dfreire707: said "/-engine"
[1:28:48 PM] [w8EHK#3] dfreire707: said "/-soccerstance"
[1:28:53 PM] [w8EHK#3] dfreire707: said "/-soccerstance"
[1:28:56 PM] [w8EHK#3] dfreire707: said "/-engine"
[1:29:44 PM] [w8EHK#3] dfreire707: said "/-soccerstance"
[1:30:38 PM] [w8EHK#3] dfreire707: said "/-soccerstance"
[1:30:52 PM] [w8EHK#3] dfreire707: said "/-soccerstance"
[1:31:34 PM] [w8EHK#3] dfreire707: said "/-soccerstance"
[1:32:07 PM] [w8EHK#3] dfreire707: said "/-soccerstance"
[1:32:10 PM] [w8EHK#3] dfreire707: said "/-engine"
[1:32:12 PM] [w8EHK#3] dfreire707: said "/-engine"
[1:32:35 PM] [w8EHK#3] dfreire707: said "/-soccerstance"
[1:32:35 PM] [w8EHK#3] dfreire707: said "/-soccerstance"
[1:33:03 PM] [w8EHK#3] dfreire707: said "/-engine"
[1:33:33 PM] [w8EHK#3] dfreire707: said "/-soccerstance"
[1:33:34 PM] [w8EHK#3] dfreire707: said "/-soccerstance"
[1:34:30 PM] [w8EHK#3] dfreire707: said "/-soccerstance"
[1:34:39 PM] [w8EHK#3] dfreire707: said "/-soccerstance"
[1:34:48 PM] [w8EHK#3] dfreire707: said "/-soccerstance"
[1:34:59 PM] [w8EHK#3] dfreire707: said "/-soccerstance"
[1:35:11 PM] [w8EHK#3] dfreire707: said "/-soccerstance"
[1:35:59 PM] [w8EHK#3] dfreire707: said "/-soccerstance"
[1:36:04 PM] [w8EHK#3] dfreire707: said "/-engine"
[1:37:51 PM] [w8EHK#3] dfreire707: said "/-soccerstance"
[1:38:04 PM] [w8EHK#3] dfreire707: said "/-soccerstance"
[1:38:12 PM] [w8EHK#3] dfreire707: disconnected ([txAdmin] Server restarting (requested by Diego_Freire1).)
[1:38:50 PM] txAdmin: Logger started

================================================================
======== txAdmin Starting - 1/27/2024, 1:46:54 PM               
================================================================
[1:47:37 PM] txAdmin: Logger started
[1:47:51 PM] [PfLBh#1] BielTugas: joined with identifiers [steam:11000015a69d540; license:d01bacd0d0cf3b22efd3f5e74056ba611849a444; discord:742917501389766707; license2:d01bacd0d0cf3b22efd3f5e74056ba611849a444]
[1:49:03 PM] [PfLBh#1] BielTugas: said "/-soccerstance"
[1:49:04 PM] [PfLBh#1] BielTugas: said "/-soccerstance"
[1:49:06 PM] [PfLBh#1] BielTugas: said "/-soccerstance"
[1:49:15 PM] [PfLBh#1] BielTugas: said "/-engine"
[1:49:24 PM] [PfLBh#1] BielTugas: said "/-soccerstance"
[1:49:26 PM] [PfLBh#1] BielTugas: said "/-soccerstance"
[1:49:45 PM] [PfLBh#1] BielTugas: said "/-engine"
[1:50:02 PM] [PfLBh#1] BielTugas: disconnected (Exiting)

================================================================
======== txAdmin Starting - 1/27/2024, 1:56:00 PM               
================================================================
[1:56:31 PM] txAdmin: Logger started

================================================================
======== txAdmin Starting - 1/27/2024, 1:58:50 PM               
================================================================
[1:59:20 PM] txAdmin: Logger started

================================================================
======== txAdmin Starting - 1/27/2024, 5:49:01 PM               
================================================================
[5:49:35 PM] txAdmin: Logger started
[5:50:09 PM] [yH6Fx#1] ZezoEz: joined with identifiers [steam:1100001627c53dc; license:2c7dce5239d04def6e7fe1e7ffe84a72de49a0b7; discord:860367216214016042; license2:fb71e1a79c1ca0c1a83d52affac08761e6b35a04]
[5:50:49 PM] [yH6Fx#2] dfreire707: joined with identifiers [steam:110000147a622b0; license:a705edebb78fd8b62dd1308631875ec570a35bbb; xbl:2535471908054910; live:1055519264109434; discord:906293818255622205; license2:24b59c876d0c0b498987655a31ee47ddc396a24d]
[5:50:53 PM] [yH6Fx#3] BielTugas: joined with identifiers [steam:11000015a69d540; license:d01bacd0d0cf3b22efd3f5e74056ba611849a444; discord:742917501389766707; license2:d01bacd0d0cf3b22efd3f5e74056ba611849a444]
[5:53:11 PM] [yH6Fx#3] BielTugas: said "/-soccerstance"
[5:53:39 PM] [yH6Fx#3] BielTugas: said "/-soccerstance"
[5:54:36 PM] [yH6Fx#2] dfreire707: said "/-soccerstance"
[5:54:44 PM] [yH6Fx#2] dfreire707: said "/-soccerstance"
[5:55:31 PM] [yH6Fx#2] dfreire707: said "/-soccerstance"
[5:55:50 PM] [yH6Fx#2] dfreire707: said "/-soccerstance"
[5:56:05 PM] [yH6Fx#2] dfreire707: said "/-soccerstance"
[5:56:10 PM] [yH6Fx#3] BielTugas: died from Sniper Rifle by ZezoEz
[5:56:14 PM] [yH6Fx#2] dfreire707: caused an explosion (PLANE)
[5:56:15 PM] [yH6Fx#2] dfreire707: said "/-soccerstance"
[5:56:17 PM] [yH6Fx#2] dfreire707: said "/-soccerstance"
[5:56:27 PM] [yH6Fx#3] BielTugas: said "/-soccerstance"
[5:56:29 PM] [yH6Fx#3] BielTugas: said "/-soccerinstructions"
[5:56:54 PM] [yH6Fx#2] dfreire707: said "/-soccerstance"
[5:56:56 PM] [yH6Fx#2] dfreire707: said "/-soccerstance"
[5:57:00 PM] [yH6Fx#2] dfreire707: said "/-soccerstance"
[5:57:01 PM] [yH6Fx#2] dfreire707: said "/-soccerstance"
[5:57:21 PM] [yH6Fx#1] ZezoEz: said "/-soccerstance"
[5:57:21 PM] [yH6Fx#1] ZezoEz: said "/-soccerstance"
[5:57:23 PM] [yH6Fx#2] dfreire707: said "/-soccerstance"
[5:57:23 PM] [yH6Fx#1] ZezoEz: said "/-soccerstance"
[5:57:24 PM] [yH6Fx#1] ZezoEz: said "/-soccerstance"
[5:57:27 PM] [yH6Fx#2] dfreire707: said "/-soccerstance"
[5:57:35 PM] [yH6Fx#2] dfreire707: said "/-soccerstance"
[5:57:42 PM] [yH6Fx#2] dfreire707: said "/-soccerstance"
[5:57:47 PM] [yH6Fx#2] dfreire707: said "/-soccerstance"
[5:57:49 PM] [yH6Fx#2] dfreire707: said "/-soccerstance"
[5:57:50 PM] [yH6Fx#2] dfreire707: said "/-soccerstance"
[5:57:54 PM] [yH6Fx#2] dfreire707: said "/-soccerstance"
[5:57:59 PM] [yH6Fx#2] dfreire707: said "/-soccerstance"
[5:58:00 PM] [yH6Fx#2] dfreire707: said "/-soccerstance"
[5:58:02 PM] [yH6Fx#2] dfreire707: said "/-soccerstance"
[5:58:05 PM] [yH6Fx#2] dfreire707: said "/-soccerstance"
[5:58:06 PM] [yH6Fx#2] dfreire707: said "/-soccerstance"
[5:58:12 PM] [yH6Fx#2] dfreire707: said "/-soccerstance"
[5:58:13 PM] [yH6Fx#2] dfreire707: said "/-soccerstance"
[5:58:18 PM] [yH6Fx#2] dfreire707: said "/-soccerstance"
[5:58:36 PM] [yH6Fx#2] dfreire707: said "/-soccerstance"
[5:58:37 PM] [yH6Fx#2] dfreire707: said "/-soccerstance"
[5:59:15 PM] [yH6Fx#2] dfreire707: said "/-soccerstance"
[5:59:18 PM] [yH6Fx#2] dfreire707: said "/-soccerstance"
[5:59:30 PM] [yH6Fx#2] dfreire707: said "/-soccerstance"
[5:59:32 PM] [yH6Fx#2] dfreire707: said "/-soccerstance"
[5:59:38 PM] [yH6Fx#2] dfreire707: said "/-soccerstance"
[6:00:03 PM] [yH6Fx#2] dfreire707: said "/-soccerstance"
[6:00:10 PM] [yH6Fx#2] dfreire707: said "/-soccerstance"
[6:00:24 PM] [yH6Fx#2] dfreire707: said "/-soccerstance"
[6:00:29 PM] [yH6Fx#2] dfreire707: said "/-soccerstance"
[6:00:33 PM] [yH6Fx#1] ZezoEz: died from SMG by dfreire707
[6:00:34 PM] [yH6Fx#2] dfreire707: said "/-soccerstance"
[6:00:36 PM] [yH6Fx#2] dfreire707: said "/-soccerstance"
[6:00:55 PM] [yH6Fx#2] dfreire707: died from suicide
[6:01:27 PM] [yH6Fx#1] ZezoEz: said "/-soccerstance"
[6:01:27 PM] [yH6Fx#1] ZezoEz: said "/-soccerstance"
[6:02:12 PM] [yH6Fx#4] NEGÃO_ALBINO: joined with identifiers [steam:110000110bc864a; license:ea1f64629e787b199a68194ab2226fff5ef37df0; discord:788605541462573106; license2:6cf3f8ea37eace0d9ce291e2ade69a634c3f1be0]
[6:02:23 PM] [yH6Fx#3] BielTugas: said "/-soccerstance"
[6:02:29 PM] [yH6Fx#3] BielTugas: said "/-soccerstance"
[6:02:38 PM] [yH6Fx#3] BielTugas: said "/-soccerinstructions"
[6:03:47 PM] [yH6Fx#3] BielTugas: said "/-soccerstance"
[6:04:08 PM] [yH6Fx#3] BielTugas: said "/-soccerstance"
[6:05:14 PM] [yH6Fx#1] ZezoEz: disconnected ([txAdmin] BANIDO POR ATIRAR BUGADO)
[6:05:54 PM] [yH6Fx#4] NEGÃO_ALBINO: disconnected (Exiting)
[6:06:02 PM] [yH6Fx#5] ZezoEz: joined with identifiers [steam:1100001627c53dc; license:2c7dce5239d04def6e7fe1e7ffe84a72de49a0b7; discord:860367216214016042; license2:fb71e1a79c1ca0c1a83d52affac08761e6b35a04]
[6:06:28 PM] [yH6Fx#5] ZezoEz: disconnected (Exiting)
[6:06:31 PM] [yH6Fx#3] BielTugas: died from suicide (Falling)
[6:07:06 PM] [yH6Fx#6] NEGÃO_ALBINO: joined with identifiers [steam:110000110bc864a; license:ea1f64629e787b199a68194ab2226fff5ef37df0; discord:788605541462573106; license2:6cf3f8ea37eace0d9ce291e2ade69a634c3f1be0]
[6:07:07 PM] [yH6Fx#7] ZezoEz: joined with identifiers [steam:1100001627c53dc; license:2c7dce5239d04def6e7fe1e7ffe84a72de49a0b7; discord:860367216214016042; license2:fb71e1a79c1ca0c1a83d52affac08761e6b35a04]
[6:07:23 PM] [yH6Fx#3] BielTugas: said "/-soccerstance"
[6:07:23 PM] [yH6Fx#3] BielTugas: said "/-soccerstance"
[6:07:28 PM] [yH6Fx#3] BielTugas: said "/-enginebiel"
[6:07:57 PM] [yH6Fx#3] BielTugas: said "/-soccerstance"
[6:08:17 PM] [yH6Fx#3] BielTugas: died from suicide (Falling)
[6:08:27 PM] [yH6Fx#3] BielTugas: said "/-soccerstance"
[6:09:07 PM] [yH6Fx#3] BielTugas: said "/-soccerstance"
[6:09:08 PM] [yH6Fx#3] BielTugas: said "/-soccerstance"
[6:10:54 PM] [yH6Fx#3] BielTugas: said "/-soccerstance"
[6:12:12 PM] [yH6Fx#6] NEGÃO_ALBINO: said "/-soccerstance"
[6:12:17 PM] [yH6Fx#6] NEGÃO_ALBINO: said "/-soccerstance"
[6:12:24 PM] [yH6Fx#3] BielTugas: said "/-soccerstance"
[6:12:25 PM] [yH6Fx#3] BielTugas: said "/-soccerstance"
[6:12:25 PM] [yH6Fx#3] BielTugas: said "/-soccerstance"
[6:12:27 PM] [yH6Fx#3] BielTugas: said "/-soccerstance"
[6:12:27 PM] [yH6Fx#3] BielTugas: said "/-soccerstance"
[6:12:28 PM] [yH6Fx#3] BielTugas: said "/-soccerstance"
[6:12:31 PM] [yH6Fx#3] BielTugas: said "/-soccerstance"
[6:12:36 PM] [yH6Fx#3] BielTugas: said "/-soccerstance"
[6:12:38 PM] [yH6Fx#3] BielTugas: said "/-soccerstance"
[6:12:39 PM] [yH6Fx#3] BielTugas: said "/-soccerstance"
[6:13:35 PM] [yH6Fx#6] NEGÃO_ALBINO: disconnected (Exiting)
[6:14:05 PM] [yH6Fx#8] NEGÃO_ALBINO: joined with identifiers [steam:110000110bc864a; license:ea1f64629e787b199a68194ab2226fff5ef37df0; discord:788605541462573106; license2:6cf3f8ea37eace0d9ce291e2ade69a634c3f1be0]
[6:15:27 PM] [yH6Fx#3] BielTugas: teleported to player [#8] NEGÃO_ALBINO (x=-1027.609, y=-2704.906, z=13.744)
[6:15:35 PM] [yH6Fx#8] NEGÃO_ALBINO: died from Knife by BielTugas
[6:15:39 PM] [yH6Fx#3] BielTugas: said "/-soccerstance"
[6:15:41 PM] [yH6Fx#3] BielTugas: said "/-soccerstance"
[6:16:42 PM] [yH6Fx#3] BielTugas: said "/-soccerstance"
[6:16:46 PM] [yH6Fx#3] BielTugas: said "/-soccerstance"
[6:16:52 PM] [yH6Fx#3] BielTugas: summoned player [#8] NEGÃO_ALBINO
[6:17:46 PM] [yH6Fx#7] ZezoEz: died from suicide (Falling)
[6:18:43 PM] [yH6Fx#2] dfreire707: died from suicide
[6:19:12 PM] [yH6Fx#3] BielTugas: said "/-soccerstance"
[6:19:21 PM] [yH6Fx#8] NEGÃO_ALBINO: died from suicide (Falling)
[6:22:13 PM] [yH6Fx#8] NEGÃO_ALBINO: said "/-soccerstance"
[6:22:40 PM] [yH6Fx#2] dfreire707: said "/-soccerstance"
[6:22:53 PM] [yH6Fx#8] NEGÃO_ALBINO: said "/-soccerstance"
[6:22:53 PM] [yH6Fx#8] NEGÃO_ALBINO: said "/-soccerstance"
[6:23:05 PM] [yH6Fx#2] dfreire707: said "/-soccerstance"
[6:23:16 PM] [yH6Fx#7] ZezoEz: said "/-soccerstance"
[6:23:17 PM] [yH6Fx#7] ZezoEz: said "/-soccerstance"
[6:23:20 PM] [yH6Fx#8] NEGÃO_ALBINO: said "/-soccerstance"
[6:23:26 PM] [yH6Fx#2] dfreire707: said "/-soccerstance"
[6:23:44 PM] [yH6Fx#2] dfreire707: said "/-soccerstance"
[6:23:58 PM] [yH6Fx#2] dfreire707: said "/-soccerstance"
[6:23:59 PM] [yH6Fx#2] dfreire707: said "/-soccerstance"
[6:24:25 PM] [yH6Fx#8] NEGÃO_ALBINO: caused an explosion (ROCKET)
[6:25:48 PM] [yH6Fx#2] dfreire707: said "/-soccerstance"
[6:25:49 PM] [yH6Fx#2] dfreire707: said "/-soccerstance"
[6:26:11 PM] [yH6Fx#8] NEGÃO_ALBINO: said "/-soccerstance"
[6:26:14 PM] [yH6Fx#8] NEGÃO_ALBINO: said "/-soccerstance"
[6:26:24 PM] [yH6Fx#2] dfreire707: said "/-soccerstance"
[6:26:24 PM] [yH6Fx#2] dfreire707: said "/-soccerstance"
[6:27:00 PM] [yH6Fx#8] NEGÃO_ALBINO: caused an explosion (ROCKET)
[6:27:11 PM] [yH6Fx#3] BielTugas: said "/-soccerstance"
[6:27:19 PM] [yH6Fx#3] BielTugas: said "/-soccerstance"
[6:27:29 PM] [yH6Fx#7] ZezoEz: died from Advanced Rifle by NEGÃO_ALBINO
[6:27:41 PM] [yH6Fx#3] BielTugas: said " /admin"
[6:27:47 PM] [yH6Fx#3] BielTugas: died from suicide (Falling)
[6:27:55 PM] [yH6Fx#3] BielTugas: said "qgod"
[6:27:58 PM] [yH6Fx#3] BielTugas: disconnected (Exiting)
[6:29:07 PM] [yH6Fx#2] dfreire707: died from Combat MG by NEGÃO_ALBINO
[6:29:36 PM] [yH6Fx#8] NEGÃO_ALBINO: disconnected (Exiting)
[6:29:44 PM] [yH6Fx#2] dfreire707: disconnected (Exiting)
[6:30:18 PM] [yH6Fx#9] BielTugas: joined with identifiers [steam:11000015a69d540; license:d01bacd0d0cf3b22efd3f5e74056ba611849a444; discord:742917501389766707; license2:d01bacd0d0cf3b22efd3f5e74056ba611849a444]
[6:30:27 PM] [yH6Fx#7] ZezoEz: disconnected (Exiting)
[6:31:19 PM] [yH6Fx#9] BielTugas: said "/-soccerstance"
[6:33:29 PM] [yH6Fx#9] BielTugas: disconnected (Exiting)

================================================================
======== txAdmin Starting - 1/27/2024, 6:35:48 PM               
================================================================
[6:36:22 PM] txAdmin: Logger started
[6:41:05 PM] [eEVzn#1] BielTugas: joined with identifiers [steam:11000015a69d540; license:d01bacd0d0cf3b22efd3f5e74056ba611849a444; discord:742917501389766707; license2:d01bacd0d0cf3b22efd3f5e74056ba611849a444]
[6:42:04 PM] [eEVzn#1] BielTugas: said "/-soccerstance"
[6:42:04 PM] [eEVzn#1] BielTugas: said "/-soccerstance"
[6:42:04 PM] [eEVzn#1] BielTugas: said "/-soccerstance"
[6:42:05 PM] [eEVzn#1] BielTugas: said "/-soccerstance"
[6:42:05 PM] [eEVzn#1] BielTugas: said "/-soccerstance"
[6:42:06 PM] [eEVzn#1] BielTugas: said "/-soccerstance"
[6:42:06 PM] [eEVzn#1] BielTugas: said "/-soccerstance"
[6:42:07 PM] [eEVzn#1] BielTugas: said "/-soccerstance"
[6:42:09 PM] [eEVzn#1] BielTugas: said "/-soccerstance"
[6:42:11 PM] [eEVzn#1] BielTugas: said "/-soccerstance"
[6:42:11 PM] [eEVzn#1] BielTugas: said "/-soccerstance"
[6:42:11 PM] [eEVzn#1] BielTugas: said "/-soccerstance"
[6:42:12 PM] [eEVzn#1] BielTugas: said "/-soccerstance"
[6:42:12 PM] [eEVzn#1] BielTugas: said "/-soccerstance"
[6:42:12 PM] [eEVzn#1] BielTugas: said "/-soccerstance"
[6:42:12 PM] [eEVzn#1] BielTugas: said "/-soccerstance"
[6:42:12 PM] [eEVzn#1] BielTugas: said "/-soccerstance"
[6:42:12 PM] [eEVzn#1] BielTugas: said "/-soccerstance"
[6:42:13 PM] [eEVzn#1] BielTugas: said "/-soccerstance"
[6:42:13 PM] [eEVzn#1] BielTugas: said "/-soccerstance"
[6:42:14 PM] [eEVzn#1] BielTugas: said "/-soccerstance"
[6:42:15 PM] [eEVzn#1] BielTugas: said "/-soccerstance"
[6:43:57 PM] [eEVzn#1] BielTugas: said "/-soccerstance"
[6:43:58 PM] [eEVzn#1] BielTugas: said "/-soccerstance"
[6:43:59 PM] [eEVzn#1] BielTugas: said "/-soccerstance"
[6:43:59 PM] [eEVzn#1] BielTugas: said "/-soccerstance"
[6:44:00 PM] [eEVzn#1] BielTugas: said "/-soccerstance"
[6:44:00 PM] [eEVzn#1] BielTugas: said "/-soccerstance"
[6:44:01 PM] [eEVzn#1] BielTugas: said "/-soccerstance"
[6:44:01 PM] [eEVzn#1] BielTugas: said "/-soccerstance"
[6:44:11 PM] [eEVzn#1] BielTugas: said "/-soccerinstructions"
[6:44:12 PM] [eEVzn#1] BielTugas: disconnected (Exiting)
[7:37:00 PM] [eEVzn#2] NEGÃO_ALBINO: joined with identifiers [steam:110000110bc864a; license:ea1f64629e787b199a68194ab2226fff5ef37df0; discord:788605541462573106; license2:6cf3f8ea37eace0d9ce291e2ade69a634c3f1be0]
[7:40:55 PM] [eEVzn#2] NEGÃO_ALBINO: said "/-soccerinstructions"
[7:44:19 PM] [eEVzn#2] NEGÃO_ALBINO: said "/-soccerinstructions"
[8:01:55 PM] [eEVzn#2] NEGÃO_ALBINO: said "/-soccerinstructions"
[8:05:28 PM] [eEVzn#3] ZezoEz: joined with identifiers [steam:1100001627c53dc; license:2c7dce5239d04def6e7fe1e7ffe84a72de49a0b7; discord:860367216214016042; license2:fb71e1a79c1ca0c1a83d52affac08761e6b35a04]
[8:16:07 PM] [eEVzn#2] NEGÃO_ALBINO: said "/v"
[8:19:11 PM] [eEVzn#3] ZezoEz: died from suicide
[8:19:45 PM] [eEVzn#3] ZezoEz: said "/-soccerstance"
[8:20:32 PM] [eEVzn#3] ZezoEz: said "/-soccerstance"
[8:21:19 PM] [eEVzn#3] ZezoEz: said "/-soccerstance"
[8:21:19 PM] [eEVzn#4] BielTugas: joined with identifiers [steam:11000015a69d540; license:d01bacd0d0cf3b22efd3f5e74056ba611849a444; discord:742917501389766707; license2:d01bacd0d0cf3b22efd3f5e74056ba611849a444]
[8:22:30 PM] [eEVzn#4] BielTugas: said "/-soccerstance"
[8:22:32 PM] [eEVzn#4] BielTugas: said "/-soccerstance"
[8:27:48 PM] [eEVzn#4] BielTugas: said "/-soccerstance"
[8:27:51 PM] [eEVzn#4] BielTugas: said "/-soccerstance"
[8:28:22 PM] [eEVzn#4] BielTugas: said "/-soccerstance"
[8:29:20 PM] [eEVzn#4] BielTugas: said "/-soccerstance"
[8:29:38 PM] [eEVzn#4] BielTugas: said "/-soccerstance"
[8:30:03 PM] [eEVzn#4] BielTugas: said "/-soccerstance"
[8:30:18 PM] [eEVzn#2] NEGÃO_ALBINO: died from suicide
[8:30:33 PM] [eEVzn#4] BielTugas: said "/-soccerstance"
[8:30:39 PM] [eEVzn#4] BielTugas: said "/-soccerstance"
[8:31:09 PM] [eEVzn#4] BielTugas: said "/-soccerstance"
[8:31:23 PM] [eEVzn#4] BielTugas: said "/-soccerstance"
[8:31:27 PM] [eEVzn#4] BielTugas: said "/-soccerstance"
[8:31:31 PM] [eEVzn#4] BielTugas: said "/-soccerstance"
[8:31:34 PM] [eEVzn#2] NEGÃO_ALBINO: said "/ca pnto"
[8:31:49 PM] [eEVzn#4] BielTugas: said "/-soccerstance"
[8:32:03 PM] [eEVzn#4] BielTugas: said "/-soccerstance"
[8:32:41 PM] [eEVzn#4] BielTugas: said "/-soccerstance"
[8:32:44 PM] [eEVzn#4] BielTugas: said "/-soccerstance"
[8:33:27 PM] [eEVzn#4] BielTugas: said "/-soccerstance"
[8:37:50 PM] [eEVzn#4] BielTugas: said "/-soccerstance"
[8:38:53 PM] [eEVzn#4] BielTugas: said "/-soccerstance"
[8:41:46 PM] [eEVzn#4] BielTugas: said "/-soccerstance"
[8:44:22 PM] [eEVzn#4] BielTugas: said "/fi"
[8:46:13 PM] [eEVzn#4] BielTugas: said "/-soccerstance"
[8:46:37 PM] [eEVzn#4] BielTugas: said "/-enginebiel"
[8:46:39 PM] [eEVzn#4] BielTugas: said "/-enginebiel"
[8:46:43 PM] [eEVzn#4] BielTugas: said "/-enginebiel"
[8:46:44 PM] [eEVzn#4] BielTugas: said "/-enginebiel"
[8:46:45 PM] [eEVzn#4] BielTugas: said "/v"
[8:46:53 PM] [eEVzn#4] BielTugas: said "/-soccerstance"
[8:46:54 PM] [eEVzn#4] BielTugas: said "/-soccerstance"
[8:46:54 PM] [eEVzn#4] BielTugas: said "/-soccerstance"
[8:47:04 PM] [eEVzn#4] BielTugas: said "/-enginebiel"
[8:47:14 PM] [eEVzn#4] BielTugas: said "/fuel"
[8:47:15 PM] [eEVzn#4] BielTugas: said "/-soccerstance"
[8:47:27 PM] [eEVzn#4] BielTugas: said "/ix"
[8:47:27 PM] [eEVzn#4] BielTugas: said "/-soccerstance"
[8:47:29 PM] [eEVzn#4] BielTugas: said "/-soccerstance"
[8:48:05 PM] [eEVzn#4] BielTugas: said "/-enginebiel"
[8:48:06 PM] [eEVzn#4] BielTugas: said "/-enginebiel"
[8:48:06 PM] [eEVzn#4] BielTugas: said "/-enginebiel"
[8:48:07 PM] [eEVzn#4] BielTugas: said "/-enginebiel"
[8:48:10 PM] [eEVzn#4] BielTugas: said "/-soccerstance"
[8:48:13 PM] [eEVzn#4] BielTugas: said "/-soccerstance"
[8:48:16 PM] [eEVzn#4] BielTugas: said "/-soccerstance"
[8:48:38 PM] [eEVzn#4] BielTugas: said "/c"
[8:48:41 PM] [eEVzn#4] BielTugas: said "/c"
[8:48:53 PM] [eEVzn#2] NEGÃO_ALBINO: said "/-enginebiel"
[8:48:54 PM] [eEVzn#2] NEGÃO_ALBINO: said "/-enginebiel"
[8:49:17 PM] [eEVzn#4] BielTugas: spawned a vehicle (model: polvstr)
[8:49:19 PM] [eEVzn#4] BielTugas: said "/ficx"
[8:49:35 PM] [eEVzn#4] BielTugas: said "/-soccerstance"
[8:50:54 PM] [eEVzn#4] BielTugas: said "/c"
[8:50:55 PM] [eEVzn#4] BielTugas: said "/c"
[8:51:23 PM] [eEVzn#4] BielTugas: said "/c"
[8:53:06 PM] [eEVzn#4] BielTugas: said "/-soccerstance"
[8:54:30 PM] [eEVzn#2] NEGÃO_ALBINO: said "/-enginebiel"
[8:54:31 PM] [eEVzn#2] NEGÃO_ALBINO: said "/-enginebiel"
[8:54:33 PM] [eEVzn#2] NEGÃO_ALBINO: said "/-enginebiel"
[8:55:49 PM] [eEVzn#4] BielTugas: said "/v"
[8:57:12 PM] [eEVzn#4] BielTugas: said "/-soccerstance"
[8:57:13 PM] [eEVzn#4] BielTugas: said "/-soccerstance"
[8:57:33 PM] [eEVzn#4] BielTugas: said "/fuel"
[8:57:57 PM] [eEVzn#4] BielTugas: said "/-soccerstance"
[8:57:58 PM] [eEVzn#4] BielTugas: said "/-soccerstance"
[8:57:59 PM] [eEVzn#2] NEGÃO_ALBINO: said "/tpway"
[8:58:54 PM] [eEVzn#4] BielTugas: said "/-soccerstance"
[8:59:33 PM] [eEVzn#4] BielTugas: said "/-soccerstance"
[8:59:50 PM] [eEVzn#3] ZezoEz: died from suicide (Falling)
[9:00:51 PM] [eEVzn#3] ZezoEz: died from suicide (Falling)
[9:01:17 PM] [eEVzn#4] BielTugas: disconnected (Exiting)
[9:01:48 PM] [eEVzn#5] BielTugas: joined with identifiers [steam:11000015a69d540; license:d01bacd0d0cf3b22efd3f5e74056ba611849a444; discord:742917501389766707; license2:d01bacd0d0cf3b22efd3f5e74056ba611849a444]
[9:02:52 PM] [eEVzn#5] BielTugas: said "/-soccerstance"
[9:02:58 PM] [eEVzn#5] BielTugas: said "/-soccerstance"
[9:03:07 PM] [eEVzn#5] BielTugas: said "/-soccerstance"
[9:03:12 PM] [eEVzn#5] BielTugas: said "/cn"
[9:03:13 PM] [eEVzn#5] BielTugas: said "nc"
[9:03:13 PM] [eEVzn#5] BielTugas: said "/-soccerstance"
[9:03:15 PM] [eEVzn#5] BielTugas: said "/-soccerstance"
[9:03:21 PM] [eEVzn#5] BielTugas: said "/-soccerstance"
[9:03:33 PM] [eEVzn#5] BielTugas: said "/-soccerstance"
[9:04:09 PM] [eEVzn#5] BielTugas: said "/-soccerstance"
[9:05:37 PM] [eEVzn#5] BielTugas: said "/-soccerstance"
[9:06:11 PM] [eEVzn#2] NEGÃO_ALBINO: said "/-enginebiel"
[9:06:14 PM] [eEVzn#2] NEGÃO_ALBINO: said "/-enginebiel"
[9:06:25 PM] [eEVzn#5] BielTugas: said "/-soccerstance"
[9:06:31 PM] [eEVzn#2] NEGÃO_ALBINO: said "/-enginebiel"
[9:06:32 PM] [eEVzn#2] NEGÃO_ALBINO: said "/-enginebiel"
[9:07:20 PM] [eEVzn#5] BielTugas: died from suicide (Ranover by Vehicle)
[9:07:21 PM] [eEVzn#5] BielTugas: said "/-soccerstance"
[9:07:30 PM] [eEVzn#5] BielTugas: died from suicide
[9:07:32 PM] [eEVzn#5] BielTugas: said "/-soccerstance"
[9:07:33 PM] [eEVzn#5] BielTugas: died from suicide
[9:07:43 PM] [eEVzn#5] BielTugas: said "/-soccerstance"
[9:07:47 PM] [eEVzn#5] BielTugas: said "/-soccerstance"
[9:07:48 PM] [eEVzn#5] BielTugas: said "/-soccerstance"
[9:07:50 PM] [eEVzn#5] BielTugas: said "/-soccerstance"
[9:08:21 PM] [eEVzn#5] BielTugas: said "/-soccerstance"
[9:08:46 PM] [eEVzn#5] BielTugas: said "/-soccerstance"
[9:12:40 PM] [eEVzn#5] BielTugas: said "/-soccerstance"
[9:15:16 PM] [eEVzn#2] NEGÃO_ALBINO: said "/blipd"
[9:21:48 PM] [eEVzn#3] ZezoEz: said "/add car"
[9:21:58 PM] [eEVzn#5] BielTugas: disconnected (Exiting)
[9:22:59 PM] [eEVzn#6] BielTugas: joined with identifiers [steam:11000015a69d540; license:d01bacd0d0cf3b22efd3f5e74056ba611849a444; discord:742917501389766707; license2:d01bacd0d0cf3b22efd3f5e74056ba611849a444]
[9:23:57 PM] [eEVzn#3] ZezoEz: disconnected ([txAdmin] PARA DE BRINCAR DE SOCO)
[9:24:01 PM] [eEVzn#2] NEGÃO_ALBINO: disconnected ([txAdmin] PARA DE BRINCAR DE SOCO)
[9:24:53 PM] [eEVzn#7] ZezoEz: joined with identifiers [steam:1100001627c53dc; license:2c7dce5239d04def6e7fe1e7ffe84a72de49a0b7; discord:860367216214016042; license2:fb71e1a79c1ca0c1a83d52affac08761e6b35a04]
[9:27:08 PM] [eEVzn#6] BielTugas: said "/-soccerstance"
[9:34:56 PM] [eEVzn#6] BielTugas: said "/-soccerstance"
[9:35:58 PM] [eEVzn#6] BielTugas: disconnected (Exiting)
[9:37:16 PM] [eEVzn#7] ZezoEz: disconnected ([txAdmin] Server restarting (requested by Diego_Freire1).)
[9:38:55 PM] txAdmin: Logger started
[9:39:09 PM] [nCQcW#1] BielTugas: joined with identifiers [steam:11000015a69d540; license:d01bacd0d0cf3b22efd3f5e74056ba611849a444; discord:742917501389766707; license2:d01bacd0d0cf3b22efd3f5e74056ba611849a444]
[9:39:30 PM] [nCQcW#2] ZezoEz: joined with identifiers [steam:1100001627c53dc; license:2c7dce5239d04def6e7fe1e7ffe84a72de49a0b7; discord:860367216214016042; license2:fb71e1a79c1ca0c1a83d52affac08761e6b35a04]
[9:40:34 PM] [nCQcW#2] ZezoEz: said "/p1"
[9:41:11 PM] [nCQcW#1] BielTugas: said "/-soccerstance"
[9:41:44 PM] [nCQcW#1] BielTugas: said "/-soccerstance"
[9:42:02 PM] [nCQcW#1] BielTugas: said "/-soccerstance"
[9:48:00 PM] [nCQcW#1] BielTugas: disconnected ([txAdmin] Server restarting (requested by Diego_Freire1).)
[9:48:00 PM] [nCQcW#2] ZezoEz: disconnected ([txAdmin] Server restarting (requested by Diego_Freire1).)
[9:48:28 PM] txAdmin: Logger started
[9:48:46 PM] [c4e3A#1] BielTugas: joined with identifiers [steam:11000015a69d540; license:d01bacd0d0cf3b22efd3f5e74056ba611849a444; discord:742917501389766707; license2:d01bacd0d0cf3b22efd3f5e74056ba611849a444]
[9:48:50 PM] [c4e3A#2] ZezoEz: joined with identifiers [steam:1100001627c53dc; license:2c7dce5239d04def6e7fe1e7ffe84a72de49a0b7; discord:860367216214016042; license2:fb71e1a79c1ca0c1a83d52affac08761e6b35a04]
[9:50:26 PM] [c4e3A#1] BielTugas: disconnected ([txAdmin] Server restarting (requested by Diego_Freire1).)
[9:50:26 PM] [c4e3A#2] ZezoEz: disconnected ([txAdmin] Server restarting (requested by Diego_Freire1).)
[9:50:54 PM] txAdmin: Logger started
