
================================================================
======== Log Rotated - 1/28/2024, 12:00:00 AM                   
================================================================
[5:01:55 AM] [6Hew6#1] dfreire707: joined with identifiers [steam:110000147a622b0; license:a705edebb78fd8b62dd1308631875ec570a35bbb; xbl:2535471908054910; live:1055519264109434; discord:906293818255622205; license2:24b59c876d0c0b498987655a31ee47ddc396a24d]
[5:04:39 AM] [6Hew6#1] dfreire707: said "/nctpm"
[5:13:56 AM] [6Hew6#1] dfreire707: said "/-soccerstance"
[5:14:08 AM] [6Hew6#1] dfreire707: said "/-soccerstance"
[5:14:14 AM] [6Hew6#1] dfreire707: said "/-soccerstance"
[5:14:25 AM] [6Hew6#1] dfreire707: said "/-soccerstance"
[5:15:12 AM] [6Hew6#1] dfreire707: said "/-soccerstance"
[5:15:26 AM] [6Hew6#1] dfreire707: said "/-soccerstance"
[5:16:05 AM] [6Hew6#1] dfreire707: said "/-soccerstance"
[5:17:16 AM] [6Hew6#1] dfreire707: said "/-soccerstance"
[5:17:56 AM] [6Hew6#2] NEGÃO_ALBINO: joined with identifiers [steam:110000110bc864a; license:ea1f64629e787b199a68194ab2226fff5ef37df0; discord:788605541462573106; license2:6cf3f8ea37eace0d9ce291e2ade69a634c3f1be0]
[5:18:06 AM] [6Hew6#1] dfreire707: said "/-soccerstance"
[5:19:03 AM] [6Hew6#1] dfreire707: said "/-soccerstance"
[5:19:29 AM] [6Hew6#1] dfreire707: said "/-soccerstance"
[5:20:10 AM] [6Hew6#1] dfreire707: said "/-soccerstance"
[5:20:36 AM] [6Hew6#1] dfreire707: said "/-soccerstance"
[5:21:36 AM] [6Hew6#1] dfreire707: said "/-soccerstance"
[5:24:55 AM] [6Hew6#1] dfreire707: said "/-soccerstance"
[5:25:08 AM] [6Hew6#1] dfreire707: said "/-soccerstance"
[5:25:10 AM] [6Hew6#1] dfreire707: said "/-soccerstance"
[5:25:24 AM] [6Hew6#1] dfreire707: said "/-soccerstance"
[5:25:31 AM] [6Hew6#1] dfreire707: said "/-soccerstance"
[5:25:35 AM] [6Hew6#2] NEGÃO_ALBINO: said "/-soccerstance"
[5:25:45 AM] [6Hew6#2] NEGÃO_ALBINO: said "/-soccerstance"
[5:25:45 AM] [6Hew6#1] dfreire707: said "/-soccerstance"
[5:25:54 AM] [6Hew6#1] dfreire707: said "/-soccerstance"
[5:25:57 AM] [6Hew6#1] dfreire707: said "/-soccerstance"
[5:25:58 AM] [6Hew6#1] dfreire707: said "/-soccerstance"
[5:25:58 AM] [6Hew6#1] dfreire707: said "/-soccerstance"
[5:25:58 AM] [6Hew6#1] dfreire707: said "/-soccerstance"
[5:25:58 AM] [6Hew6#1] dfreire707: said "/-soccerstance"
[5:25:58 AM] [6Hew6#1] dfreire707: said "/-soccerstance"
[5:25:59 AM] [6Hew6#1] dfreire707: said "/-soccerstance"
[5:25:59 AM] [6Hew6#1] dfreire707: said "/-soccerstance"
[5:25:59 AM] [6Hew6#1] dfreire707: said "/-soccerstance"
[5:25:59 AM] [6Hew6#1] dfreire707: said "/-soccerstance"
[5:25:59 AM] [6Hew6#1] dfreire707: said "/-soccerstance"
[5:26:00 AM] [6Hew6#1] dfreire707: said "/-soccerstance"
[5:26:00 AM] [6Hew6#1] dfreire707: said "/-soccerstance"
[5:26:00 AM] [6Hew6#1] dfreire707: said "/-soccerstance"
[5:26:00 AM] [6Hew6#1] dfreire707: said "/-soccerstance"
[5:26:00 AM] [6Hew6#1] dfreire707: said "/-soccerstance"
[5:26:01 AM] [6Hew6#1] dfreire707: said "/-soccerstance"
[5:26:01 AM] [6Hew6#1] dfreire707: said "/-soccerstance"
[5:26:01 AM] [6Hew6#1] dfreire707: said "/-soccerstance"
[5:26:01 AM] [6Hew6#1] dfreire707: said "/-soccerstance"
[5:26:01 AM] [6Hew6#1] dfreire707: said "/-soccerstance"
[5:26:02 AM] [6Hew6#1] dfreire707: said "/-soccerstance"
[5:26:02 AM] [6Hew6#1] dfreire707: said "/-soccerstance"
[5:26:02 AM] [6Hew6#1] dfreire707: said "/-soccerstance"
[5:26:02 AM] [6Hew6#1] dfreire707: said "/-soccerstance"
[5:26:02 AM] [6Hew6#1] dfreire707: said "/-soccerstance"
[5:26:03 AM] [6Hew6#1] dfreire707: said "/-soccerstance"
[5:26:03 AM] [6Hew6#1] dfreire707: said "/-soccerstance"
[5:26:03 AM] [6Hew6#1] dfreire707: said "/-soccerstance"
[5:26:03 AM] [6Hew6#1] dfreire707: said "/-soccerstance"
[5:26:04 AM] [6Hew6#1] dfreire707: said "/-soccerstance"
[5:26:04 AM] [6Hew6#1] dfreire707: said "/-soccerstance"
[5:26:04 AM] [6Hew6#1] dfreire707: said "/-soccerstance"
[5:26:04 AM] [6Hew6#1] dfreire707: said "/-soccerstance"
[5:26:05 AM] [6Hew6#1] dfreire707: said "/-soccerstance"
[5:26:05 AM] [6Hew6#1] dfreire707: said "/-soccerstance"
[5:26:05 AM] [6Hew6#1] dfreire707: said "/-soccerstance"
[5:26:05 AM] [6Hew6#1] dfreire707: said "/-soccerstance"
[5:26:05 AM] [6Hew6#1] dfreire707: said "/-soccerstance"
[5:26:06 AM] [6Hew6#1] dfreire707: said "/-soccerstance"
[5:26:06 AM] [6Hew6#1] dfreire707: said "/-soccerstance"
[5:26:06 AM] [6Hew6#1] dfreire707: said "/-soccerstance"
[5:26:06 AM] [6Hew6#1] dfreire707: said "/-soccerstance"
[5:26:06 AM] [6Hew6#1] dfreire707: said "/-soccerstance"
[5:26:07 AM] [6Hew6#1] dfreire707: said "/-soccerstance"
[5:26:07 AM] [6Hew6#1] dfreire707: said "/-soccerstance"
[5:26:07 AM] [6Hew6#1] dfreire707: said "/-soccerstance"
[5:26:07 AM] [6Hew6#1] dfreire707: said "/-soccerstance"
[5:26:08 AM] [6Hew6#1] dfreire707: said "/-soccerstance"
[5:26:08 AM] [6Hew6#1] dfreire707: said "/-soccerstance"
[5:26:08 AM] [6Hew6#1] dfreire707: said "/-soccerstance"
[5:26:09 AM] [6Hew6#1] dfreire707: said "/-soccerstance"
[5:26:09 AM] [6Hew6#1] dfreire707: said "/-soccerstance"
[5:26:09 AM] [6Hew6#1] dfreire707: said "/-soccerstance"
[5:26:09 AM] [6Hew6#1] dfreire707: said "/-soccerstance"
[5:26:10 AM] [6Hew6#1] dfreire707: said "/-soccerstance"
[5:26:10 AM] [6Hew6#1] dfreire707: said "/-soccerstance"
[5:26:10 AM] [6Hew6#1] dfreire707: said "/-soccerstance"
[5:26:10 AM] [6Hew6#1] dfreire707: said "/-soccerstance"
[5:26:11 AM] [6Hew6#1] dfreire707: said "/-soccerstance"
[5:26:11 AM] [6Hew6#1] dfreire707: said "/-soccerstance"
[5:26:11 AM] [6Hew6#1] dfreire707: said "/-soccerstance"
[5:26:11 AM] [6Hew6#1] dfreire707: said "/-soccerstance"
[5:26:12 AM] [6Hew6#1] dfreire707: said "/-soccerstance"
[5:26:12 AM] [6Hew6#1] dfreire707: said "/-soccerstance"
[5:26:12 AM] [6Hew6#1] dfreire707: said "/-soccerstance"
[5:26:34 AM] [6Hew6#1] dfreire707: said "/-soccerstance"
[5:27:27 AM] [6Hew6#1] dfreire707: said "/-soccerstance"
[5:27:29 AM] [6Hew6#2] NEGÃO_ALBINO: said "/-enginebiel"
[5:27:33 AM] [6Hew6#1] dfreire707: said "/-soccerstance"
[5:27:38 AM] [6Hew6#1] dfreire707: said "/-soccerstance"
[5:27:47 AM] [6Hew6#1] dfreire707: said "/-soccerstance"
[5:27:54 AM] [6Hew6#1] dfreire707: said "/-soccerstance"
[5:28:14 AM] [6Hew6#1] dfreire707: said "/-soccerstance"
[5:28:15 AM] [6Hew6#1] dfreire707: said "/-soccerstance"
[5:30:32 AM] [6Hew6#1] dfreire707: said "/-soccerinstructions"
[5:30:52 AM] [6Hew6#1] dfreire707: said "/-soccerstance"
[5:31:17 AM] [6Hew6#1] dfreire707: said "/-soccerstance"
[5:31:50 AM] [6Hew6#1] dfreire707: said "/-soccerstance"
[5:33:18 AM] [6Hew6#1] dfreire707: said "/-soccerstance"
[5:34:13 AM] [6Hew6#1] dfreire707: said "/-soccerstance"
[5:34:45 AM] [6Hew6#1] dfreire707: said "/-soccerstance"
[5:34:53 AM] [6Hew6#1] dfreire707: said "/-soccerstance"
[5:35:05 AM] [6Hew6#2] NEGÃO_ALBINO: said "/dsv"
[5:36:10 AM] [6Hew6#1] dfreire707: said "/-soccerstance"
[5:36:46 AM] [6Hew6#1] dfreire707: said "/-soccerstance"
[5:36:53 AM] [6Hew6#1] dfreire707: said "/-soccerstance"
[5:38:16 AM] [6Hew6#1] dfreire707: said "/-soccerstance"
[5:38:17 AM] [6Hew6#1] dfreire707: said "/-soccerstance"
[5:38:17 AM] [6Hew6#1] dfreire707: said "/-soccerstance"
[5:38:19 AM] [6Hew6#1] dfreire707: said "/-soccerstance"
[5:38:20 AM] [6Hew6#1] dfreire707: said "/-soccerstance"
[5:38:35 AM] [6Hew6#1] dfreire707: said "/-soccerstance"
[5:38:37 AM] [6Hew6#1] dfreire707: said "/-soccerstance"
[5:39:05 AM] [6Hew6#2] NEGÃO_ALBINO: died from suicide (Falling)
[5:39:07 AM] [6Hew6#1] dfreire707: caused an explosion (PLANE)
[5:39:07 AM] [6Hew6#1] dfreire707: caused an explosion (PLANE)
[5:39:08 AM] [6Hew6#1] dfreire707: said "/-soccerstance"
[5:39:16 AM] [6Hew6#1] dfreire707: said "/-soccerstance"
[5:39:33 AM] [6Hew6#1] dfreire707: said "/-soccerstance"
[5:40:12 AM] [6Hew6#1] dfreire707: said "/-soccerstance"
[5:40:29 AM] [6Hew6#1] dfreire707: said "/-soccerstance"
[5:40:51 AM] [6Hew6#2] NEGÃO_ALBINO: said "/dvc"
[5:40:52 AM] [6Hew6#1] dfreire707: said "/-soccerstance"
[5:41:31 AM] [6Hew6#2] NEGÃO_ALBINO: disconnected (Exiting)
[5:44:02 AM] [6Hew6#1] dfreire707: said "/-soccerstance"
[5:44:04 AM] [6Hew6#1] dfreire707: said "/-soccerstance"
[5:44:07 AM] [6Hew6#1] dfreire707: said "/-soccerstance"
[5:44:16 AM] [6Hew6#1] dfreire707: said "/-soccerstance"
[5:44:33 AM] [6Hew6#1] dfreire707: said "/-soccerstance"
[6:38:10 AM] [6Hew6#3] BielTugas: joined with identifiers [steam:11000015a69d540; license:d01bacd0d0cf3b22efd3f5e74056ba611849a444; discord:742917501389766707; license2:d01bacd0d0cf3b22efd3f5e74056ba611849a444]
[6:42:45 AM] [6Hew6#3] BielTugas: said "/-soccerstance"
[6:42:57 AM] [6Hew6#3] BielTugas: disconnected (Exiting)
[6:45:11 AM] [6Hew6#1] dfreire707: disconnected (Server shutting down: SIGHUP received)
