
================================================================
======== txAdmin Starting - 1/16/2024, 4:09:23 PM               
================================================================

================================================================
======== Log Rotated - 1/16/2024, 4:09:23 PM                    
================================================================

================================================================
======== txAdmin Starting - 1/16/2024, 4:11:22 PM               
================================================================
[4:12:52 PM] txAdmin: Logger started
[4:14:41 PM] [FLNeH#1] BielTugas: joined with identifiers [steam:11000015a69d540; license:d01bacd0d0cf3b22efd3f5e74056ba611849a444; discord:742917501389766707; fivem:12904676; license2:d01bacd0d0cf3b22efd3f5e74056ba611849a444]
[4:16:35 PM] [FLNeH#1] BielTugas: disconnected (Exiting)

================================================================
======== txAdmin Starting - 1/16/2024, 4:33:41 PM               
================================================================

================================================================
======== txAdmin Starting - 1/16/2024, 4:33:46 PM               
================================================================

================================================================
======== txAdmin Starting - 1/16/2024, 4:40:39 PM               
================================================================

================================================================
======== txAdmin Starting - 1/16/2024, 4:52:51 PM               
================================================================

================================================================
======== txAdmin Starting - 1/16/2024, 4:53:10 PM               
================================================================
[4:53:26 PM] txAdmin: Logger started
[4:56:38 PM] txAdmin: Logger started
[4:58:54 PM] [9QPJc#1] BielTugas: joined with identifiers [steam:11000015a69d540; license:d01bacd0d0cf3b22efd3f5e74056ba611849a444; discord:742917501389766707; fivem:12904676; license2:d01bacd0d0cf3b22efd3f5e74056ba611849a444]
[5:00:18 PM] [9QPJc#1] BielTugas: enabled god mode
[5:00:27 PM] [9QPJc#1] BielTugas: cleared an area with 300m radius
[5:01:00 PM] [9QPJc#1] BielTugas: disconnected (Exiting)
[5:01:35 PM] [9QPJc#2] RiichVvs: joined with identifiers [steam:1100001326fb01c; license:effdf4a61a8f1a4e0d65519bbbe14f9a6cf8960d; xbl:2535423446450355; live:1759222472489606; discord:402895298864873482; license2:1286c01564f76b7b507b268e7565919953f21c73]
[5:08:21 PM] [9QPJc#2] RiichVvs: disconnected ([txAdmin] Server restarting (requested by Diego_Freire1).)
[5:08:38 PM] txAdmin: Logger started
[5:09:55 PM] [cTJQ7#1] BielTugas: joined with identifiers [steam:11000015a69d540; license:d01bacd0d0cf3b22efd3f5e74056ba611849a444; discord:742917501389766707; fivem:12904676; license2:d01bacd0d0cf3b22efd3f5e74056ba611849a444]
[5:10:42 PM] [cTJQ7#1] BielTugas: disconnected (Game crashed: GTA5_b2545.exe!sub_140913580 (0x4))
[5:11:11 PM] [cTJQ7#2] BielTugas: joined with identifiers [steam:11000015a69d540; license:d01bacd0d0cf3b22efd3f5e74056ba611849a444; discord:742917501389766707; fivem:12904676; license2:d01bacd0d0cf3b22efd3f5e74056ba611849a444]
[5:20:44 PM] [cTJQ7#2] BielTugas: disconnected ([txAdmin] Server restarting (requested by Diego_Freire1).)
[5:21:01 PM] txAdmin: Logger started
[5:22:04 PM] [Wjthn#1] BielTugas: joined with identifiers [steam:11000015a69d540; license:d01bacd0d0cf3b22efd3f5e74056ba611849a444; discord:742917501389766707; fivem:12904676; license2:d01bacd0d0cf3b22efd3f5e74056ba611849a444]
[5:24:17 PM] [Wjthn#1] BielTugas: disconnected ([txAdmin] Server restarting (requested by Diego_Freire1).)
[5:24:33 PM] txAdmin: Logger started
[5:25:30 PM] [TFh6y#1] BielTugas: joined with identifiers [steam:11000015a69d540; license:d01bacd0d0cf3b22efd3f5e74056ba611849a444; discord:742917501389766707; fivem:12904676; license2:d01bacd0d0cf3b22efd3f5e74056ba611849a444]
[5:32:41 PM] [TFh6y#1] BielTugas: disconnected ([txAdmin] Server restarting (requested by Diego_Freire1).)
[5:32:59 PM] txAdmin: Logger started
[5:34:13 PM] [YDhkX#1] BielTugas: joined with identifiers [steam:11000015a69d540; license:d01bacd0d0cf3b22efd3f5e74056ba611849a444; discord:742917501389766707; fivem:12904676; license2:d01bacd0d0cf3b22efd3f5e74056ba611849a444]
[5:35:33 PM] [YDhkX#1] BielTugas: disconnected (Exiting)

================================================================
======== txAdmin Starting - 1/16/2024, 5:57:21 PM               
================================================================

================================================================
======== txAdmin Starting - 1/16/2024, 5:58:46 PM               
================================================================

================================================================
======== txAdmin Starting - 1/16/2024, 5:58:56 PM               
================================================================
